"2016-05-06 11:38:59 -0300"
diff --git a/src/modules/flow/grove/grove.c b/src/modules/flow/grove/grove.c
index c0113f02..a0e9c03f 100644
--- a/src/modules/flow/grove/grove.c
+++ b/src/modules/flow/grove/grove.c
@@ -371,7 +371,7 @@ temperature_convert(struct sol_flow_node *node, void *data, uint16_t port, uint1
 static int
 temperature_child_opts_set(const struct sol_flow_node_type *type, uint16_t child_index, const struct sol_flow_node_options *opts, struct sol_flow_node_options *child_opts)
 {
-    struct sol_flow_node_type_grove_temperature_sensor_options *container_opts = (struct sol_flow_node_type_grove_temperature_sensor_options *)opts;
+    struct sol_flow_node_type_grove_thermometer_options *container_opts = (struct sol_flow_node_type_grove_thermometer_options *)opts;
 
     if (child_index == TEMPERATURE_CONVERTER_NODE_IDX) {
         struct sol_flow_node_type_grove_temperature_converter_options *converter_opts =
@@ -400,7 +400,7 @@ temperature_child_opts_set(const struct sol_flow_node_type *type, uint16_t child
 }
 
 static void
-grove_temperature_sensor_new_type(const struct sol_flow_node_type **current)
+grove_thermometer_new_type(const struct sol_flow_node_type **current)
 {
     struct sol_flow_node_type *type;
     const struct sol_flow_node_type **aio_reader, **ctl;
@@ -455,7 +455,7 @@ grove_temperature_sensor_new_type(const struct sol_flow_node_type **current)
 static void
 temperature_init_type(void)
 {
-    grove_temperature_sensor_new_type(&SOL_FLOW_NODE_TYPE_GROVE_TEMPERATURE_SENSOR);
+    grove_thermometer_new_type(&SOL_FLOW_NODE_TYPE_GROVE_THERMOMETER);
 }
 
 #include "grove-gen.c"
diff --git a/src/modules/flow/grove/grove.json b/src/modules/flow/grove/grove.json
index fd0ef354..3665eb2e 100644
--- a/src/modules/flow/grove/grove.json
+++ b/src/modules/flow/grove/grove.json
@@ -74,7 +74,7 @@
       "methods": {
         "init_type": "temperature_init_type"
       },
-      "name": "grove/temperature-sensor",
+      "name": "grove/thermometer",
       "options": {
         "members": [
           {
diff --git a/src/samples/flow/grove-kit/Kconfig b/src/samples/flow/grove-kit/Kconfig
index 571d306b..5f66a97b 100644
--- a/src/samples/flow/grove-kit/Kconfig
+++ b/src/samples/flow/grove-kit/Kconfig
@@ -38,7 +38,7 @@ config FLOW_GROVE_ROTARY_ANGLE_SENSOR_SAMPLE
 	depends on FLOW_FBP_GENERATOR_SAMPLES && FLOW_NODE_TYPE_GPIO && FLOW_NODE_TYPE_CONVERTER && FLOW_NODE_TYPE_CONSTANT && FLOW_NODE_TYPE_GROVE
 	default y
 
-config FLOW_GROVE_TEMPERATURE_SENSOR_SAMPLE
+config FLOW_GROVE_THERMOMETER_SAMPLE
 	bool
 	depends on FLOW_FBP_GENERATOR_SAMPLES && FLOW_NODE_TYPE_INT && FLOW_NODE_TYPE_CONSTANT && FLOW_NODE_TYPE_GPIO && FLOW_NODE_TYPE_AIO && FLOW_NODE_TYPE_CONVERTER && FLOW_NODE_TYPE_STRING && FLOW_NODE_TYPE_GROVE && FLOW_NODE_TYPE_TEMPERATURE
 	default y
diff --git a/src/samples/flow/grove-kit/Makefile b/src/samples/flow/grove-kit/Makefile
index ec8184ab..09be70c5 100644
--- a/src/samples/flow/grove-kit/Makefile
+++ b/src/samples/flow/grove-kit/Makefile
@@ -30,6 +30,6 @@ sample-$(FLOW_GROVE_ROTARY_ANGLE_SENSOR_SAMPLE) += grove-rotary-angle-sensor
 sample-grove-rotary-angle-sensor-$(FLOW_GROVE_ROTARY_ANGLE_SENSOR_SAMPLE) := grove-rotary-angle-sensor.fbp
 sample-grove-rotary-angle-sensor-$(FLOW_GROVE_ROTARY_ANGLE_SENSOR_SAMPLE)-conffile := sol-flow-intel-galileo-rev-g.json
 
-sample-$(FLOW_GROVE_TEMPERATURE_SENSOR_SAMPLE) += grove-temperature-sensor
-sample-grove-temperature-sensor-$(FLOW_GROVE_TEMPERATURE_SENSOR_SAMPLE) := grove-temperature-sensor.fbp
-sample-grove-temperature-sensor-$(FLOW_GROVE_TEMPERATURE_SENSOR_SAMPLE)-conffile := sol-flow-intel-galileo-rev-g.json
+sample-$(FLOW_GROVE_THERMOMETER_SAMPLE) += grove-thermometer
+sample-grove-thermometer-$(FLOW_GROVE_THERMOMETER_SAMPLE) := grove-thermometer.fbp
+sample-grove-thermometer-$(FLOW_GROVE_THERMOMETER_SAMPLE)-conffile := sol-flow-intel-galileo-rev-g.json
diff --git a/src/samples/flow/grove-kit/grove-temperature-sensor.fbp b/src/samples/flow/grove-kit/grove-thermometer.fbp
similarity index 85%
rename from src/samples/flow/grove-kit/grove-temperature-sensor.fbp
rename to src/samples/flow/grove-kit/grove-thermometer.fbp
index 1549821c..fc2a0ccd 100755
--- a/src/samples/flow/grove-kit/grove-temperature-sensor.fbp
+++ b/src/samples/flow/grove-kit/grove-thermometer.fbp
@@ -16,7 +16,7 @@
 # See the License for the specific language governing permissions and
 # limitations under the License.
 
-# sol-fbp-runner grove-temperature-sensor.fbp
+# sol-fbp-runner grove-thermometer.fbp
 
 # This is a translation of
 # Grove_Temperature_Sensor/Grove_Temperature_Sensor.ino, from
@@ -24,6 +24,6 @@
 
 const_celsius_symbol(constant/string:value= C)
 
-temperatureSensor(TemperatureSensor) KELVIN -> KELVIN _(temperature/converter) CELSIUS -> IN converter(converter/float-to-string)
+thermometer(Thermometer) KELVIN -> KELVIN _(temperature/converter) CELSIUS -> IN converter(converter/float-to-string)
 converter OUT -> IN[0] concat(string/concatenate)
 const_celsius_symbol OUT -> IN[1] concat OUT -> IN screen(LCDString)
diff --git a/src/samples/flow/grove-kit/sol-flow-intel-edison-rev-c.json b/src/samples/flow/grove-kit/sol-flow-intel-edison-rev-c.json
index 8aad1e81..35d9642f 100644
--- a/src/samples/flow/grove-kit/sol-flow-intel-edison-rev-c.json
+++ b/src/samples/flow/grove-kit/sol-flow-intel-edison-rev-c.json
@@ -32,12 +32,12 @@
    "type": "grove/light-sensor"
   },
   {
-   "name": "TemperatureSensor",
+   "name": "Thermometer",
    "options": {
     "pin": "A2",
     "poll_timeout": 50
    },
-   "type": "grove/temperature-sensor"
+   "type": "grove/thermometer"
   },
   {
    "name": "SoundSensor",
diff --git a/src/samples/flow/grove-kit/sol-flow-intel-galileo-rev-g.json b/src/samples/flow/grove-kit/sol-flow-intel-galileo-rev-g.json
index 7791c20a..bc28c646 100644
--- a/src/samples/flow/grove-kit/sol-flow-intel-galileo-rev-g.json
+++ b/src/samples/flow/grove-kit/sol-flow-intel-galileo-rev-g.json
@@ -32,12 +32,12 @@
    "type": "grove/light-sensor"
   },
   {
-   "name": "TemperatureSensor",
+   "name": "Thermometer",
    "options": {
     "pin": "A2",
     "poll_timeout": 50
    },
-   "type": "grove/temperature-sensor"
+   "type": "grove/thermometer"
   },
   {
    "name": "SoundSensor",