"2017-03-01 15:25:44 -0800"
diff --git a/Kconfig b/Kconfig
index 83968160..0c4eba1b 100644
--- a/Kconfig
+++ b/Kconfig
@@ -180,19 +180,25 @@ endmenu
 
 menu "Samples"
 depends on FEATURE_RUNNABLE_PROGRAMS
+
+config SAMPLES
+	bool "Build samples"
+	default y
+
+source "src/samples/bluetooth/Kconfig"
 source "src/samples/coap/Kconfig"
 source "src/samples/common/Kconfig"
 source "src/samples/crypto/Kconfig"
+source "src/samples/design_patterns/Kconfig"
 source "src/samples/http/Kconfig"
-source "src/samples/mqtt/Kconfig"
+source "src/samples/iio+network/Kconfig"
 source "src/samples/mavlink/Kconfig"
+source "src/samples/mqtt/Kconfig"
 source "src/samples/network/Kconfig"
-source "src/samples/bluetooth/Kconfig"
-source "src/samples/iio+network/Kconfig"
 
 config FLOW_SAMPLES
 	bool "Flow samples"
-	depends on USE_FLOW
+	depends on USE_FLOW && SAMPLES
 	default y
 
 config FLOW_FBP_GENERATOR_SAMPLES
@@ -200,7 +206,6 @@ config FLOW_FBP_GENERATOR_SAMPLES
 	depends on FLOW_SAMPLES && FBP_GENERATOR
 	default y
 
-source "src/samples/design_patterns/Kconfig"
 source "src/samples/flow/am2315/Kconfig"
 source "src/samples/flow/basics/Kconfig"
 source "src/samples/flow/c-api/Kconfig"
@@ -214,6 +219,7 @@ source "src/samples/flow/http-composed/Kconfig"
 source "src/samples/flow/http-json/Kconfig"
 source "src/samples/flow/http-oauth/Kconfig"
 source "src/samples/flow/http-server/Kconfig"
+source "src/samples/flow/iio+network/Kconfig"
 source "src/samples/flow/iio/Kconfig"
 source "src/samples/flow/io/Kconfig"
 source "src/samples/flow/js/Kconfig"
@@ -221,17 +227,16 @@ source "src/samples/flow/led-strip/Kconfig"
 source "src/samples/flow/minnow-calamari/Kconfig"
 source "src/samples/flow/misc/Kconfig"
 source "src/samples/flow/mqtt/Kconfig"
+source "src/samples/flow/netctl/Kconfig"
 source "src/samples/flow/oic-and-http-light/Kconfig"
 source "src/samples/flow/oic/Kconfig"
 source "src/samples/flow/oic/light-scan/Kconfig"
-source "src/samples/flow/netctl/Kconfig"
 source "src/samples/flow/power-supply/Kconfig"
 source "src/samples/flow/semaphore-monitor/Kconfig"
+source "src/samples/flow/tilt-angle/Kconfig"
 source "src/samples/flow/trash-disposer/Kconfig"
 source "src/samples/flow/unix-socket/Kconfig"
 source "src/samples/flow/webservices/Kconfig"
-source "src/samples/flow/iio+network/Kconfig"
-source "src/samples/flow/tilt-angle/Kconfig"
 
 endmenu
 
diff --git a/src/samples/bluetooth/Kconfig b/src/samples/bluetooth/Kconfig
index 6e811443..50bd5696 100644
--- a/src/samples/bluetooth/Kconfig
+++ b/src/samples/bluetooth/Kconfig
@@ -1,4 +1,4 @@
 config BLUETOOTH_SAMPLES
 	bool "Bluetooth samples"
-	depends on BLUETOOTH
+	depends on BLUETOOTH && SAMPLES
 	default y
diff --git a/src/samples/coap/Kconfig b/src/samples/coap/Kconfig
index bd8f1c44..7181bb72 100644
--- a/src/samples/coap/Kconfig
+++ b/src/samples/coap/Kconfig
@@ -1,6 +1,6 @@
 config COAP_SAMPLES
 	bool "CoAP samples"
-	depends on COAP
+	depends on COAP && SAMPLES
 	default y
 
 config COAP_CLIENT_SERVER_SAMPLES
diff --git a/src/samples/common/Kconfig b/src/samples/common/Kconfig
index 2e6b11f3..33ea1041 100644
--- a/src/samples/common/Kconfig
+++ b/src/samples/common/Kconfig
@@ -1,4 +1,5 @@
 config COMMON_SAMPLES
+	depends on SAMPLES
 	bool "Common samples"
 	default y
 
diff --git a/src/samples/crypto/Kconfig b/src/samples/crypto/Kconfig
index 2f52236f..434f3f9e 100644
--- a/src/samples/crypto/Kconfig
+++ b/src/samples/crypto/Kconfig
@@ -1,4 +1,5 @@
 config CRYPTO_SAMPLES
+	depends on SAMPLES
 	bool "Cryptography & Signatures Samples"
 	default y
 
diff --git a/src/samples/design_patterns/Kconfig b/src/samples/design_patterns/Kconfig
index 0513caba..bf10de63 100644
--- a/src/samples/design_patterns/Kconfig
+++ b/src/samples/design_patterns/Kconfig
@@ -1,3 +1,4 @@
 config DESIGN_PATTERN_SAMPLES
+	depends on SAMPLES
 	bool "Design patterns samples"
 	default y
diff --git a/src/samples/flow/c-api/Kconfig b/src/samples/flow/c-api/Kconfig
index 6e5f3156..daf2e1e7 100644
--- a/src/samples/flow/c-api/Kconfig
+++ b/src/samples/flow/c-api/Kconfig
@@ -1,6 +1,6 @@
 config FLOW_C_API_CUSTOM_NODE_TYPES_SAMPLE
 	bool
-	depends on USE_FLOW
+	depends on FLOW_SAMPLES
 	default y
 
 config FLOW_C_API_HIGHLEVEL_SAMPLE
@@ -10,20 +10,20 @@ config FLOW_C_API_HIGHLEVEL_SAMPLE
 
 config FLOW_C_API_LOWLEVEL_SAMPLE
 	bool
-	depends on USE_FLOW && FLOW_NODE_TYPE_CONSOLE
+	depends on FLOW_SAMPLES && FLOW_NODE_TYPE_CONSOLE
 	default y
 
 config FLOW_C_API_SIMPLE_C_TYPE_SAMPLE
 	bool
-	depends on NODE_DESCRIPTION && FLOW_NODE_TYPE_CONSOLE && FLOW_NODE_TYPE_BOOLEAN && FLOW_NODE_TYPE_INT && FLOW_NODE_TYPE_TIMER
+	depends on SAMPLES && NODE_DESCRIPTION && FLOW_NODE_TYPE_CONSOLE && FLOW_NODE_TYPE_BOOLEAN && FLOW_NODE_TYPE_INT && FLOW_NODE_TYPE_TIMER
 	default y
 
 config FLOW_C_API_FIND_TYPE_SAMPLE
 	bool
-	depends on RESOLVER_CONFFILE
+	depends on SAMPLES && RESOLVER_CONFFILE
 	default y
 
 config FLOW_C_API_SINGLE_NODE_SAMPLE
 	bool
-	depends on NODE_DESCRIPTION && FLOW_NODE_TYPE_WALLCLOCK
+	depends on SAMPLES && NODE_DESCRIPTION && FLOW_NODE_TYPE_WALLCLOCK
 	default y
diff --git a/src/samples/flow/grove-kit/lcd/Kconfig b/src/samples/flow/grove-kit/lcd/Kconfig
index 0d80da79..f25c8c62 100644
--- a/src/samples/flow/grove-kit/lcd/Kconfig
+++ b/src/samples/flow/grove-kit/lcd/Kconfig
@@ -1,49 +1,49 @@
 config FLOW_GROVE_LCD_AUTOSCROLL_SAMPLE
 	bool
-	depends on FLOW_FBP_GENERATOR_SAMPLES && FLOW_NODE_TYPE_GROVE && FLOW_NODE_TYPE_CONSTANT && FLOW_NODE_TYPE_BOOLEAN && FLOW_NODE_TYPE_INT && FLOW_NODE_TYPE_TIMER && FLOW_NODE_TYPE_CONVERTER
+	depends on FLOW_NODE_TYPE_JHD1313M1 && FLOW_FBP_GENERATOR_SAMPLES && FLOW_NODE_TYPE_GROVE && FLOW_NODE_TYPE_CONSTANT && FLOW_NODE_TYPE_BOOLEAN && FLOW_NODE_TYPE_INT && FLOW_NODE_TYPE_TIMER && FLOW_NODE_TYPE_CONVERTER && FLOW_NODE_TYPE_GROVE
 	default y
 
 config FLOW_GROVE_LCD_BLINK_SAMPLE
 	bool
-	depends on FLOW_FBP_GENERATOR_SAMPLES && FLOW_NODE_TYPE_GROVE && FLOW_NODE_TYPE_CONSTANT && BOOLEAN && FLOW_NODE_TYPE_TIMER && FLOW_NODE_TYPE_CONVERTER
+	depends on FLOW_NODE_TYPE_JHD1313M1 && FLOW_FBP_GENERATOR_SAMPLES && FLOW_NODE_TYPE_GROVE && FLOW_NODE_TYPE_CONSTANT && BOOLEAN && FLOW_NODE_TYPE_TIMER && FLOW_NODE_TYPE_CONVERTER
 	default y
 
 config FLOW_GROVE_LCD_CURSOR_SAMPLE
 	bool
-	depends on FLOW_FBP_GENERATOR_SAMPLES && FLOW_NODE_TYPE_GROVE && FLOW_NODE_TYPE_CONSTANT && FLOW_NODE_TYPE_BOOLEAN && FLOW_NODE_TYPE_TIMER && FLOW_NODE_TYPE_CONVERTER
+	depends on FLOW_NODE_TYPE_JHD1313M1 && FLOW_FBP_GENERATOR_SAMPLES && FLOW_NODE_TYPE_GROVE && FLOW_NODE_TYPE_CONSTANT && FLOW_NODE_TYPE_BOOLEAN && FLOW_NODE_TYPE_TIMER && FLOW_NODE_TYPE_CONVERTER
 	default y
 
 config FLOW_GROVE_LCD_DISPLAY_SAMPLE
 	bool
-	depends on FLOW_FBP_GENERATOR_SAMPLES && FLOW_NODE_TYPE_GROVE && FLOW_NODE_TYPE_CONSTANT && FLOW_NODE_TYPE_BOOLEAN && FLOW_NODE_TYPE_TIMER
+	depends on FLOW_NODE_TYPE_JHD1313M1 && FLOW_FBP_GENERATOR_SAMPLES && FLOW_NODE_TYPE_GROVE && FLOW_NODE_TYPE_CONSTANT && FLOW_NODE_TYPE_BOOLEAN && FLOW_NODE_TYPE_TIMER
 	default y
 
 config FLOW_GROVE_LCD_HELLO_WORLD_SAMPLE
 	bool
-	depends on FLOW_FBP_GENERATOR_SAMPLES && FLOW_NODE_TYPE_GROVE && FLOW_NODE_TYPE_CONSTANT && FLOW_NODE_TYPE_TIMER && FLOW_NODE_TYPE_CONVERTER && FLOW_NODE_TYPE_INT
+	depends on FLOW_NODE_TYPE_JHD1313M1 && FLOW_FBP_GENERATOR_SAMPLES && FLOW_NODE_TYPE_GROVE && FLOW_NODE_TYPE_CONSTANT && FLOW_NODE_TYPE_TIMER && FLOW_NODE_TYPE_CONVERTER && FLOW_NODE_TYPE_INT
 	default y
 
 config FLOW_GROVE_LCD_SCROLL_SAMPLE
 	bool
-	depends on FLOW_FBP_GENERATOR_SAMPLES && FLOW_NODE_TYPE_GROVE && FLOW_NODE_TYPE_CONSTANT && FLOW_NODE_TYPE_INT && FLOW_NODE_TYPE_TIMER && FLOW_NODE_TYPE_CONVERTER && FLOW_NODE_TYPE_BOOLEAN
+	depends on FLOW_NODE_TYPE_JHD1313M1 && FLOW_FBP_GENERATOR_SAMPLES && FLOW_NODE_TYPE_GROVE && FLOW_NODE_TYPE_CONSTANT && FLOW_NODE_TYPE_INT && FLOW_NODE_TYPE_TIMER && FLOW_NODE_TYPE_CONVERTER && FLOW_NODE_TYPE_BOOLEAN
 	default y
 
 config FLOW_GROVE_LCD_SET_CURSOR_SAMPLE
 	bool
-	depends on FLOW_FBP_GENERATOR_SAMPLES && FLOW_NODE_TYPE_GROVE && FLOW_NODE_TYPE_TIMER && FLOW_NODE_TYPE_INT && FLOW_NODE_TYPE_CONVERTER && FLOW_NODE_TYPE_CONSTANT
+	depends on FLOW_NODE_TYPE_JHD1313M1 && FLOW_FBP_GENERATOR_SAMPLES && FLOW_NODE_TYPE_GROVE && FLOW_NODE_TYPE_TIMER && FLOW_NODE_TYPE_INT && FLOW_NODE_TYPE_CONVERTER && FLOW_NODE_TYPE_CONSTANT
 	default y
 
 config FLOW_GROVE_LCD_TEXT_DIRECTION_SAMPLE
 	bool
-	depends on FLOW_FBP_GENERATOR_SAMPLES && FLOW_NODE_TYPE_GROVE && FLOW_NODE_TYPE_TIMER && FLOW_NODE_TYPE_INT && FLOW_NODE_TYPE_CONVERTER && FLOW_NODE_TYPE_CONSTANT && FLOW_NODE_TYPE_BOOLEAN
+	depends on FLOW_NODE_TYPE_JHD1313M1 && FLOW_FBP_GENERATOR_SAMPLES && FLOW_NODE_TYPE_GROVE && FLOW_NODE_TYPE_TIMER && FLOW_NODE_TYPE_INT && FLOW_NODE_TYPE_CONVERTER && FLOW_NODE_TYPE_CONSTANT && FLOW_NODE_TYPE_BOOLEAN
 	default y
 
 config FLOW_GROVE_LCD_FADE_SAMPLE
 	bool
-	depends on FLOW_FBP_GENERATOR_SAMPLES && FLOW_NODE_TYPE_GROVE && FLOW_NODE_TYPE_TIMER && FLOW_NODE_TYPE_CONVERTER && FLOW_NODE_TYPE_CONSTANT && FLOW_NODE_TYPE_FLOAT
+	depends on FLOW_NODE_TYPE_JHD1313M1 && FLOW_FBP_GENERATOR_SAMPLES && FLOW_NODE_TYPE_GROVE && FLOW_NODE_TYPE_TIMER && FLOW_NODE_TYPE_CONVERTER && FLOW_NODE_TYPE_CONSTANT && FLOW_NODE_TYPE_FLOAT
 	default y
 
 config FLOW_GROVE_LCD_FORM_SAMPLE
 	bool
-	depends on FLOW_FBP_GENERATOR_SAMPLES && FLOW_NODE_TYPE_GROVE && FLOW_NODE_TYPE_FORM && FLOW_NODE_TYPE_KEYBOARD && FLOW_NODE_TYPE_CONSTANT && FLOW_NODE_TYPE_TIMER && FLOW_NODE_TYPE_CONVERTER
+	depends on FLOW_NODE_TYPE_JHD1313M1 && FLOW_FBP_GENERATOR_SAMPLES && FLOW_NODE_TYPE_GROVE && FLOW_NODE_TYPE_FORM && FLOW_NODE_TYPE_KEYBOARD && FLOW_NODE_TYPE_CONSTANT && FLOW_NODE_TYPE_TIMER && FLOW_NODE_TYPE_CONVERTER
 	default y
diff --git a/src/samples/flow/tilt-angle/Kconfig b/src/samples/flow/tilt-angle/Kconfig
index 2e1af7f6..e3b136a4 100644
--- a/src/samples/flow/tilt-angle/Kconfig
+++ b/src/samples/flow/tilt-angle/Kconfig
@@ -1,9 +1,9 @@
 config FLOW_TILT_ANGLE_ARCTANGENT_NODE
 	tristate "Node type: arctangent"
-	depends on USE_FLOW
+	depends on FLOW_SAMPLES
 	default m
 
 config FLOW_TILT_ANGLE_SAMPLE
 	bool
-	depends on FLOW_FBP_GENERATOR_SAMPLES && FLOW_TILT_ANGLE_ARCTANGENT_NODE && FLOW_NODE_TYPE_IIO && FLOW_NODE_TYPE_CONSOLE && FLOW_NODE_TYPE_CONVERTER && FLOW_NODE_TYPE_FLOAT && FLOW_NODE_TYPE_CONSTANT && FLOW_NODE_TYPE_STRING
+	depends on FLOW_FBP_GENERATOR_SAMPLES && FLOW_NODE_TYPE_IIO && FLOW_NODE_TYPE_CONSOLE && FLOW_NODE_TYPE_CONVERTER && FLOW_NODE_TYPE_FLOAT && FLOW_NODE_TYPE_CONSTANT && FLOW_NODE_TYPE_STRING && FLOW_TILT_ANGLE_ARCTANGENT_NODE
 	default y
diff --git a/src/samples/http/Kconfig b/src/samples/http/Kconfig
index ffb7dc1b..be7a7761 100644
--- a/src/samples/http/Kconfig
+++ b/src/samples/http/Kconfig
@@ -1,4 +1,5 @@
 config HTTP_SAMPLES
+	depends on SAMPLES
 	bool "HTTP samples"
 	default y
 
diff --git a/src/samples/iio+network/Kconfig b/src/samples/iio+network/Kconfig
index cb011f84..56b8dad1 100644
--- a/src/samples/iio+network/Kconfig
+++ b/src/samples/iio+network/Kconfig
@@ -1,6 +1,6 @@
 config IIO_NETWORK_SAMPLES
 	bool "IIO Network samples"
-	depends on NETWORK && USE_IIO
+	depends on NETWORK && USE_IIO && SAMPLES
 	default y
 
 config IIO_MQTT_SAMPLES
diff --git a/src/samples/mavlink/Kconfig b/src/samples/mavlink/Kconfig
index b6e37bbc..3deac731 100644
--- a/src/samples/mavlink/Kconfig
+++ b/src/samples/mavlink/Kconfig
@@ -1,6 +1,6 @@
 config MAVLINK_SAMPLES
 	bool "Mavlink samples"
-	depends on MAVLINK
+	depends on MAVLINK && SAMPLES
 	default y
 
 config MAVLINK_BASIC
diff --git a/src/samples/mqtt/Kconfig b/src/samples/mqtt/Kconfig
index 483a65bd..927dc621 100644
--- a/src/samples/mqtt/Kconfig
+++ b/src/samples/mqtt/Kconfig
@@ -1,6 +1,6 @@
 config MQTT_SAMPLES
 	bool "MQTT samples"
-	depends on MQTT
+	depends on MQTT && SAMPLES
 	default y
 
 config MQTT_PUBLISH_SUBSCRIBE_SAMPLES
diff --git a/src/samples/network/Kconfig b/src/samples/network/Kconfig
index b02d4628..88a9d109 100644
--- a/src/samples/network/Kconfig
+++ b/src/samples/network/Kconfig
@@ -1,6 +1,6 @@
 config NETWORK_SAMPLES
 	bool "Network samples"
-        depends on NETWORK
+        depends on NETWORK && SAMPLES
 	default y
 
 config NETWORK_STATUS_SAMPLE