"2003-10-31 00:04:24 +0000"
diff --git a/coreutils/Config.in b/coreutils/Config.in
index db4fe39ff..54bdc6868 100644
--- a/coreutils/Config.in
+++ b/coreutils/Config.in
@@ -400,22 +400,6 @@ config CONFIG_SORT
 	help
 	  sort is used to sort lines of text in specified files.
 
-config CONFIG_FEATURE_SORT_REVERSE
-	bool "  Enable reverse sort"
-	default y
-	depends on CONFIG_SORT
-	help
-	  Enable the `-r' option that allows sort to sort lines of
-	  text in reverse.
-
-config CONFIG_FEATURE_SORT_UNIQUE
-	bool "  Enable unique sort"
-	default y
-	depends on CONFIG_SORT
-	help
-	  Enable the `-u' option that allows sort to only sort lines
-	  that are uniq. 
-
 config CONFIG_STTY
 	bool "stty"
 	default n