"2003-11-04 13:35:44 +0000"
diff --git a/extra/Configs/Config.in b/extra/Configs/Config.in
index 0dd73787e..267364eb1 100644
--- a/extra/Configs/Config.in
+++ b/extra/Configs/Config.in
@@ -7,50 +7,50 @@ mainmenu "uClibc C Library Configuration"
 
 choice
 	prompt "Target Architecture"
-	default TARGET_I386
+	default TARGET_i386
 	help
 	  Stuff
 
-config TARGET_ALPHA
+config TARGET_alpha
 	bool "alpha"
 
-config TARGET_ARM
+config TARGET_arm
 	bool "arm"
 
-config TARGET_CRIS
+config TARGET_cris
 	bool "cris"
 
-config TARGET_E1
+config TARGET_e1
 	bool "e1"
 
-config TARGET_H8300
+config TARGET_h8300
 	bool "h8300"
 
-config TARGET_I386
+config TARGET_i386
 	bool "i386"
 
-config TARGET_I960
+config TARGET_i960
 	bool "i960"
 
-config TARGET_M68K
+config TARGET_m68k
 	bool "m68k"
 
-config TARGET_MICROBLAZE
+config TARGET_microblaze
 	bool "microblaze"
 
-config TARGET_MIPS
+config TARGET_mips
 	bool "mips"
 
-config TARGET_POWERPC
+config TARGET_powerpc
 	bool "powerpc"
 
-config TARGET_SH
+config TARGET_sh
 	bool "SuperH"
 
-config TARGET_SPARC
+config TARGET_sparc
 	bool "sparc"
 
-config TARGET_V850
+config TARGET_v850
 	bool "v850"
 
 endchoice
@@ -58,59 +58,59 @@ endchoice
 
 menu "Target Architecture Features and Options"
 
-if TARGET_ALPHA
+if TARGET_alpha
 source "extra/Configs/Config.alpha"
 endif
 
-if TARGET_ARM
+if TARGET_arm
 source "extra/Configs/Config.arm"
 endif
 
-if TARGET_CRIS
+if TARGET_cris
 source "extra/Configs/Config.cris"
 endif
 
-if TARGET_E1
+if TARGET_e1
 source "extra/Configs/Config.e1"
 endif
 
-if TARGET_H8300
+if TARGET_h8300
 source "extra/Configs/Config.h8300"
 endif
 
-if TARGET_I386
+if TARGET_i386
 source "extra/Configs/Config.i386"
 endif
 
-if TARGET_I960
+if TARGET_i960
 source "extra/Configs/Config.i960"
 endif
 
-if TARGET_M68K
+if TARGET_m68k
 source "extra/Configs/Config.m68k"
 endif
 
-if TARGET_MICROBLAZE
+if TARGET_microblaze
 source "extra/Configs/Config.microblaze"
 endif
 
-if TARGET_MIPS
+if TARGET_mips
 source "extra/Configs/Config.mips"
 endif
 
-if TARGET_POWERPC
+if TARGET_powerpc
 source "extra/Configs/Config.powerpc"
 endif
 
-if TARGET_SH
+if TARGET_sh
 source "extra/Configs/Config.sh"
 endif
 
-if TARGET_SPARC
+if TARGET_sparc
 source "extra/Configs/Config.sparc"
 endif
 
-if TARGET_V850
+if TARGET_v850
 source "extra/Configs/Config.v850"
 endif
 