"2014-11-10 10:08:17 +0100"
diff --git a/extra/Configs/Config.in b/extra/Configs/Config.in
index 0f68a9b2e..32180f72d 100644
--- a/extra/Configs/Config.in
+++ b/extra/Configs/Config.in
@@ -1021,9 +1021,9 @@ config UCLIBC_LINUX_SPECIFIC
 	  ppoll(), readahead(), reboot(), remap_file_pages(),
 	  sched_getaffinity(), sched_setaffinity(), sendfile(),
 	  setfsgid(), setfsuid(), setresgid(), setresuid(),
-	  splice(), vmsplice(), tee(), signalfd(), swapoff(), swapon(),
-	  sync_file_range(), _sysctl(), sysinfo(), timerfd_*(), vhangup(),
-	  umount(), umount2()
+	  splice(), vmsplice(), tee(), signalfd(), statfs(),
+	  swapoff(), swapon(), sync_file_range(), _sysctl(),
+	  sysinfo(), timerfd_*(), vhangup(), umount(), umount2()
 
 config UCLIBC_HAS_GNU_ERROR
 	bool "Support GNU extensions for error-reporting"
diff --git a/libc/sysdeps/linux/common/statfs.c b/libc/sysdeps/linux/common/statfs.c
index aae4738ea..3dfeb0b2c 100644
--- a/libc/sysdeps/linux/common/statfs.c
+++ b/libc/sysdeps/linux/common/statfs.c
@@ -34,6 +34,7 @@ int __libc_statfs(const char *path, struct statfs *buf)
 # if defined __UCLIBC_LINUX_SPECIFIC__ || defined __UCLIBC_HAS_THREADS_NATIVE__
 /* statfs is used by NPTL, so it must exported in case */
 weak_alias(__libc_statfs, statfs)
+libc_hidden_def(statfs)
 # endif
 
 /* For systems which have both, prefer the old one */
@@ -45,7 +46,7 @@ _syscall2(int, __libc_statfs, const char *, path, struct statfs *, buf)
 # if defined __UCLIBC_LINUX_SPECIFIC__ || defined __UCLIBC_HAS_THREADS_NATIVE__
 /* statfs is used by NPTL, so it must exported in case */
 weak_alias(__libc_statfs, statfs)
+libc_hidden_def(statfs)
 # endif
 
 #endif
-libc_hidden_def(statfs)