"2016-06-27 15:09:30 -0300"
diff --git a/src/samples/flow/minnow-calamari/Kconfig b/src/samples/flow/minnow-calamari/Kconfig
index ea8259a9..55837688 100644
--- a/src/samples/flow/minnow-calamari/Kconfig
+++ b/src/samples/flow/minnow-calamari/Kconfig
@@ -32,3 +32,8 @@ config FLOW_CALAMARI_BUTTON_ACCUMULATOR_PERSISTENCE
 	bool
 	depends on FLOW_FBP_GENERATOR_SAMPLES && FLOW_NODE_TYPE_CALAMARI && FLOW_NODE_TYPE_PERSISTENCE && FLOW_NODE_TYPE_INT && FLOW_NODE_TYPE_BOOLEAN && FLOW_NODE_TYPE_GPIO
 	default y
+
+config FLOW_CALAMARI_BUTTON_ACCUMULATOR_PERSISTENCE_EFIVARS
+	bool
+	depends on FLOW_FBP_GENERATOR_SAMPLES && FLOW_NODE_TYPE_CALAMARI && FLOW_NODE_TYPE_PERSISTENCE && FLOW_NODE_TYPE_INT && FLOW_NODE_TYPE_BOOLEAN && FLOW_NODE_TYPE_GPIO
+	default y
diff --git a/src/samples/flow/minnow-calamari/Makefile b/src/samples/flow/minnow-calamari/Makefile
index b198295c..fb5d9aae 100644
--- a/src/samples/flow/minnow-calamari/Makefile
+++ b/src/samples/flow/minnow-calamari/Makefile
@@ -26,3 +26,6 @@ sample-$(FLOW_CALAMARI_BUTTON_ACCUMULATOR_PERSISTENCE) += calamari-button-accumu
 sample-calamari-button-accumulator-persistence-$(FLOW_CALAMARI_BUTTON_ACCUMULATOR_PERSISTENCE) := calamari-button-accumulator-persistence.fbp
 sample-calamari-button-accumulator-persistence-$(FLOW_CALAMARI_BUTTON_ACCUMULATOR_PERSISTENCE)-conffile := sol-flow-intel-minnow-max-linux_gt_3_17.json
 
+sample-$(FLOW_CALAMARI_BUTTON_ACCUMULATOR_PERSISTENCE_EFIVARS) += calamari-button-accumulator-persistence-efivars
+sample-calamari-button-accumulator-persistence-efivars-$(FLOW_CALAMARI_BUTTON_ACCUMULATOR_PERSISTENCE_EFIVARS) := calamari-button-accumulator-persistence-efivars.fbp
+sample-calamari-button-accumulator-persistence-efivars-$(FLOW_CALAMARI_BUTTON_ACCUMULATOR_PERSISTENCE_EFIVARS)-conffile := sol-flow-intel-minnow-max-linux_gt_3_17.json
diff --git a/src/samples/flow/minnow-calamari/calamari-button-accumulator-persistence-efivars.fbp b/src/samples/flow/minnow-calamari/calamari-button-accumulator-persistence-efivars.fbp
new file mode 100644
index 00000000..5f13e6f7
--- /dev/null
+++ b/src/samples/flow/minnow-calamari/calamari-button-accumulator-persistence-efivars.fbp
@@ -0,0 +1,39 @@
+#!/usr/bin/env sol-fbp-runner
+
+# This file is part of the Soletta Project
+#
+# Copyright (C) 2016 Intel Corporation. All rights reserved.
+#
+# Licensed under the Apache License, Version 2.0 (the "License");
+# you may not use this file except in compliance with the License.
+# You may obtain a copy of the License at
+#
+#     http://www.apache.org/licenses/LICENSE-2.0
+#
+# Unless required by applicable law or agreed to in writing, software
+# distributed under the License is distributed on an "AS IS" BASIS,
+# WITHOUT WARRANTIES OR CONDITIONS OF ANY KIND, either express or implied.
+# See the License for the specific language governing permissions and
+# limitations under the License.
+
+# This example is just a variation of
+# calamari-button-accumulator-persistence.fbp.
+#
+# It showcases persistence usage. By clicking on Buttons 1 & 2,
+# one can increase/decrease a counter, that is displayed on 7 seg display.
+# Each change is also persisted to Calamari EFIVARS, so this sample will, on
+# a second run, remembers counter last value.
+
+btn1(Button1)
+btn2(Button2)
+accumulator(int/accumulator:send_initial_packet=false,setup_value=min:0|max:15|step:1)
+seg(SevenSegments)
+persistence(persistence/int:storage="efivars",name="accumulated",default_value=0)
+
+persistence OUT -> SET accumulator
+persistence OUT -> VALUE seg
+
+btn1 OUT -> IN _(boolean/filter) TRUE -> INC accumulator
+btn2 OUT -> IN _(boolean/filter) TRUE -> DEC accumulator
+
+accumulator OUT -> IN persistence