"2016-06-27 15:09:30 -0300"
diff --git a/src/samples/flow/misc/Kconfig b/src/samples/flow/misc/Kconfig
index c0d5e206..de1059ef 100644
--- a/src/samples/flow/misc/Kconfig
+++ b/src/samples/flow/misc/Kconfig
@@ -42,3 +42,8 @@ config FLOW_MISC_EVDEV_SAMPLE
 	bool
 	depends on FLOW_FBP_GENERATOR_SAMPLES && FLOW_NODE_TYPE_EVDEV && FLOW_NODE_TYPE_CONSOLE
 	default y
+
+config FLOW_MISC_NET_STATUS_SAMPLE
+	bool
+	depends on FLOW_FBP_GENERATOR_SAMPLES && FLOW_NODE_TYPE_NETWORK && FLOW_NODE_TYPE_CONSOLE && FLOW_NODE_TYPE_APP
+	default y
diff --git a/src/samples/flow/misc/Makefile b/src/samples/flow/misc/Makefile
index fd75ad2e..321f261a 100644
--- a/src/samples/flow/misc/Makefile
+++ b/src/samples/flow/misc/Makefile
@@ -24,3 +24,6 @@ sample-persistence-$(FLOW_MISC_PERSISTENCE_SAMPLE) := persistence.fbp
 
 sample-$(FLOW_MISC_EVDEV_SAMPLE) += evdev
 sample-evdev-$(FLOW_MISC_EVDEV_SAMPLE) := evdev.fbp
+
+sample-$(FLOW_MISC_NET_STATUS_SAMPLE) += net-status
+sample-net-status-$(FLOW_MISC_NET_STATUS_SAMPLE) := network-status.fbp
diff --git a/src/samples/flow/misc/network-status.fbp b/src/samples/flow/misc/network-status.fbp
new file mode 100755
index 00000000..fbaf31c6
--- /dev/null
+++ b/src/samples/flow/misc/network-status.fbp
@@ -0,0 +1,29 @@
+#!/usr/bin/env sol-fbp-runner
+
+# This file is part of the Soletta Project
+#
+# Copyright (C) 2016 Intel Corporation. All rights reserved.
+#
+# Licensed under the Apache License, Version 2.0 (the "License");
+# you may not use this file except in compliance with the License.
+# You may obtain a copy of the License at
+#
+#     http://www.apache.org/licenses/LICENSE-2.0
+#
+# Unless required by applicable law or agreed to in writing, software
+# distributed under the License is distributed on an "AS IS" BASIS,
+# WITHOUT WARRANTIES OR CONDITIONS OF ANY KIND, either express or implied.
+# See the License for the specific language governing permissions and
+# limitations under the License.
+
+# Network sample that monitors specified links. It checks if the link is
+# up/down and prints to console.
+#
+# Usage: ./network-status.fbp INTERFACE
+
+Interface(app/argv:index=1)
+Network(network/boolean)
+Status(console)
+
+Interface OUT -> ADDRESS Network
+Network OUT -> IN Status