"2015-08-07 13:59:36 -0300"
diff --git a/src/bin/sol-fbp-generator/Kconfig b/src/bin/sol-fbp-generator/Kconfig
index 695ddd9a..96a03e44 100644
--- a/src/bin/sol-fbp-generator/Kconfig
+++ b/src/bin/sol-fbp-generator/Kconfig
@@ -1,4 +1,4 @@
 config FBP_GENERATOR
 	bool "fbp generator"
-	depends on SOL_PLATFORM_LINUX && FLOW && NODE_DESCRIPTION
+	depends on SOL_PLATFORM_LINUX && NODE_DESCRIPTION
 	default y
diff --git a/src/bin/sol-fbp-runner/Kconfig b/src/bin/sol-fbp-runner/Kconfig
index 9fecbbfc..04b3dea1 100644
--- a/src/bin/sol-fbp-runner/Kconfig
+++ b/src/bin/sol-fbp-runner/Kconfig
@@ -1,4 +1,4 @@
 config FBP_RUNNER
 	bool "fbp runner"
-	depends on SOL_PLATFORM_LINUX && FLOW && NODE_DESCRIPTION
+	depends on SOL_PLATFORM_LINUX && NODE_DESCRIPTION
 	default y
diff --git a/src/modules/flow/accelerometer/Kconfig b/src/modules/flow/accelerometer/Kconfig
index 7fa0291e..a1c61201 100644
--- a/src/modules/flow/accelerometer/Kconfig
+++ b/src/modules/flow/accelerometer/Kconfig
@@ -1,4 +1,4 @@
 config FLOW_NODE_TYPE_ACCELEROMETER
 	tristate "Node type: accelerometer"
-	depends on FLOW && SOL_PLATFORM_LINUX && USE_I2C
+	depends on SOL_PLATFORM_LINUX && USE_I2C
 	default m
diff --git a/src/modules/flow/aio/Kconfig b/src/modules/flow/aio/Kconfig
index b0473152..a3caecc4 100644
--- a/src/modules/flow/aio/Kconfig
+++ b/src/modules/flow/aio/Kconfig
@@ -1,4 +1,4 @@
 config FLOW_NODE_TYPE_AIO
 	tristate "Node type: aio"
-	depends on FLOW && USE_AIO
+	depends on USE_AIO
 	default y
diff --git a/src/modules/flow/app/Kconfig b/src/modules/flow/app/Kconfig
index 6664182c..b75afff9 100644
--- a/src/modules/flow/app/Kconfig
+++ b/src/modules/flow/app/Kconfig
@@ -1,4 +1,3 @@
 config FLOW_NODE_TYPE_APP
 	tristate "Node type: app"
-	depends on FLOW
 	default y
diff --git a/src/modules/flow/boolean/Kconfig b/src/modules/flow/boolean/Kconfig
index 9223183e..7d495aa6 100644
--- a/src/modules/flow/boolean/Kconfig
+++ b/src/modules/flow/boolean/Kconfig
@@ -1,4 +1,3 @@
 config FLOW_NODE_TYPE_BOOLEAN
 	tristate "Node type: boolean"
-	depends on FLOW
 	default y
diff --git a/src/modules/flow/byte/Kconfig b/src/modules/flow/byte/Kconfig
index c42f2b38..5489605f 100644
--- a/src/modules/flow/byte/Kconfig
+++ b/src/modules/flow/byte/Kconfig
@@ -1,4 +1,3 @@
 config FLOW_NODE_TYPE_BYTE
 	tristate "Node type: byte"
-	depends on FLOW
 	default y
diff --git a/src/modules/flow/calamari/Kconfig b/src/modules/flow/calamari/Kconfig
index 9b2b5439..e1a3700a 100644
--- a/src/modules/flow/calamari/Kconfig
+++ b/src/modules/flow/calamari/Kconfig
@@ -1,4 +1,4 @@
 config FLOW_NODE_TYPE_CALAMARI
 	tristate "Node type: calamari"
-	depends on FLOW && (FLOW_NODE_TYPE_GPIO = y) && USE_PWM && USE_SPI
+	depends on (FLOW_NODE_TYPE_GPIO = y) && USE_PWM && USE_SPI
 	default m
diff --git a/src/modules/flow/color/Kconfig b/src/modules/flow/color/Kconfig
index 3db969a1..fb27bc6f 100644
--- a/src/modules/flow/color/Kconfig
+++ b/src/modules/flow/color/Kconfig
@@ -1,4 +1,3 @@
 config FLOW_NODE_TYPE_COLOR
 	tristate "Node type: color"
-	depends on FLOW
 	default y
diff --git a/src/modules/flow/compass/Kconfig b/src/modules/flow/compass/Kconfig
index 6aa44a19..e13956aa 100644
--- a/src/modules/flow/compass/Kconfig
+++ b/src/modules/flow/compass/Kconfig
@@ -1,4 +1,3 @@
 config FLOW_NODE_TYPE_COMPASS
 	tristate "Node type: compass"
-	depends on FLOW
 	default m
diff --git a/src/modules/flow/console/Kconfig b/src/modules/flow/console/Kconfig
index 31872e22..3b70becc 100644
--- a/src/modules/flow/console/Kconfig
+++ b/src/modules/flow/console/Kconfig
@@ -1,4 +1,3 @@
 config FLOW_NODE_TYPE_CONSOLE
 	tristate "Node type: console"
-	depends on FLOW
 	default y
diff --git a/src/modules/flow/constant/Kconfig b/src/modules/flow/constant/Kconfig
index 02f02df0..44e3750e 100644
--- a/src/modules/flow/constant/Kconfig
+++ b/src/modules/flow/constant/Kconfig
@@ -1,4 +1,3 @@
 config FLOW_NODE_TYPE_CONSTANT
 	tristate "Node type: constant"
-	depends on FLOW
 	default y
diff --git a/src/modules/flow/converter/Kconfig b/src/modules/flow/converter/Kconfig
index c719277c..944afb98 100644
--- a/src/modules/flow/converter/Kconfig
+++ b/src/modules/flow/converter/Kconfig
@@ -1,4 +1,3 @@
 config FLOW_NODE_TYPE_CONVERTER
 	tristate "Node type: converter"
-	depends on FLOW
 	default y
diff --git a/src/modules/flow/evdev/Kconfig b/src/modules/flow/evdev/Kconfig
index 028d21eb..df3e9ae3 100644
--- a/src/modules/flow/evdev/Kconfig
+++ b/src/modules/flow/evdev/Kconfig
@@ -1,4 +1,4 @@
 config FLOW_NODE_TYPE_EVDEV
 	tristate "Node type: evdev"
-	depends on FLOW && SOL_PLATFORM_LINUX
+	depends on SOL_PLATFORM_LINUX
 	default m
diff --git a/src/modules/flow/file/Kconfig b/src/modules/flow/file/Kconfig
index 9db83505..ad75c7b9 100644
--- a/src/modules/flow/file/Kconfig
+++ b/src/modules/flow/file/Kconfig
@@ -1,4 +1,4 @@
 config FLOW_NODE_TYPE_FILE
 	tristate "Node type: file"
-	depends on FLOW && PTHREAD
+	depends on PTHREAD
 	default m
diff --git a/src/modules/flow/filter-repeated/Kconfig b/src/modules/flow/filter-repeated/Kconfig
index ed983993..7b92b920 100644
--- a/src/modules/flow/filter-repeated/Kconfig
+++ b/src/modules/flow/filter-repeated/Kconfig
@@ -1,4 +1,3 @@
 config FLOW_NODE_TYPE_FILTER_REPEATED
 	tristate "Node type: filter-repeated"
-	depends on FLOW
 	default y
diff --git a/src/modules/flow/float/Kconfig b/src/modules/flow/float/Kconfig
index 2c06d40b..d0c6b99a 100644
--- a/src/modules/flow/float/Kconfig
+++ b/src/modules/flow/float/Kconfig
@@ -1,4 +1,3 @@
 config FLOW_NODE_TYPE_FLOAT
 	tristate "Node type: float"
-	depends on FLOW
 	default y
diff --git a/src/modules/flow/fs/Kconfig b/src/modules/flow/fs/Kconfig
index 2fadfe07..270b45c1 100644
--- a/src/modules/flow/fs/Kconfig
+++ b/src/modules/flow/fs/Kconfig
@@ -1,4 +1,3 @@
 config FLOW_NODE_TYPE_FS
 	tristate "Node type: fs"
-	depends on FLOW
 	default m
diff --git a/src/modules/flow/gpio/Kconfig b/src/modules/flow/gpio/Kconfig
index 0b6daacf..84dba925 100644
--- a/src/modules/flow/gpio/Kconfig
+++ b/src/modules/flow/gpio/Kconfig
@@ -1,4 +1,4 @@
 config FLOW_NODE_TYPE_GPIO
 	tristate "Node type: gpio"
-	depends on FLOW && USE_GPIO
+	depends on USE_GPIO
 	default y
\ No newline at end of file
diff --git a/src/modules/flow/grove/Kconfig b/src/modules/flow/grove/Kconfig
index 64c662a0..3f3cc806 100644
--- a/src/modules/flow/grove/Kconfig
+++ b/src/modules/flow/grove/Kconfig
@@ -1,4 +1,4 @@
 config FLOW_NODE_TYPE_GROVE
 	tristate "Node type: grove"
-	depends on FLOW && USE_I2C && FLOW_NODE_TYPE_AIO
+	depends on USE_I2C && FLOW_NODE_TYPE_AIO
 	default m
diff --git a/src/modules/flow/gtk/Kconfig b/src/modules/flow/gtk/Kconfig
index 8282abac..631ab9c4 100644
--- a/src/modules/flow/gtk/Kconfig
+++ b/src/modules/flow/gtk/Kconfig
@@ -1,4 +1,4 @@
 config FLOW_NODE_TYPE_GTK
 	tristate "Node type: gtk"
-	depends on FLOW && HAVE_GTK
+	depends on HAVE_GTK
 	default m
diff --git a/src/modules/flow/gyroscope/Kconfig b/src/modules/flow/gyroscope/Kconfig
index b604c035..bd1a6f91 100644
--- a/src/modules/flow/gyroscope/Kconfig
+++ b/src/modules/flow/gyroscope/Kconfig
@@ -1,4 +1,4 @@
 config FLOW_NODE_TYPE_GYROSCOPE
 	tristate "Node type: gyroscope"
-	depends on FLOW && SOL_PLATFORM_LINUX && USE_I2C
+	depends on SOL_PLATFORM_LINUX && USE_I2C
 	default m
diff --git a/src/modules/flow/int/Kconfig b/src/modules/flow/int/Kconfig
index 3bd084c9..71d5150a 100644
--- a/src/modules/flow/int/Kconfig
+++ b/src/modules/flow/int/Kconfig
@@ -1,4 +1,3 @@
 config FLOW_NODE_TYPE_INT
 	tristate "Node type: int"
-	depends on FLOW
 	default y
diff --git a/src/modules/flow/keyboard/Kconfig b/src/modules/flow/keyboard/Kconfig
index 608fd889..731aad23 100644
--- a/src/modules/flow/keyboard/Kconfig
+++ b/src/modules/flow/keyboard/Kconfig
@@ -1,4 +1,3 @@
 config FLOW_NODE_TYPE_KEYBOARD
 	tristate "Node type: keyboard"
-	depends on FLOW
 	default m
diff --git a/src/modules/flow/led-strip/Kconfig b/src/modules/flow/led-strip/Kconfig
index bd99544b..d0235a20 100644
--- a/src/modules/flow/led-strip/Kconfig
+++ b/src/modules/flow/led-strip/Kconfig
@@ -1,4 +1,4 @@
 config FLOW_NODE_TYPE_LED_STRIP
 	tristate "Node type: led-strip"
-	depends on FLOW && USE_SPI
+	depends on USE_SPI
 	default m
diff --git a/src/modules/flow/magnetometer/Kconfig b/src/modules/flow/magnetometer/Kconfig
index 5a98b719..321eb15c 100644
--- a/src/modules/flow/magnetometer/Kconfig
+++ b/src/modules/flow/magnetometer/Kconfig
@@ -1,4 +1,3 @@
 config FLOW_NODE_TYPE_MAGNETOMETER
 	tristate "Node type: magnetometer"
-	depends on FLOW
 	default m
diff --git a/src/modules/flow/network/Kconfig b/src/modules/flow/network/Kconfig
index dd446b55..6c492cd8 100644
--- a/src/modules/flow/network/Kconfig
+++ b/src/modules/flow/network/Kconfig
@@ -1,4 +1,4 @@
 config FLOW_NODE_TYPE_NETWORK
 	tristate "Node type: network"
-	depends on FLOW && NETWORK
+	depends on NETWORK
 	default m
diff --git a/src/modules/flow/oic/Kconfig b/src/modules/flow/oic/Kconfig
index a13cf911..88e82a23 100644
--- a/src/modules/flow/oic/Kconfig
+++ b/src/modules/flow/oic/Kconfig
@@ -1,4 +1,4 @@
 config FLOW_NODE_TYPE_OIC
 	tristate "Node type: oic"
-	depends on FLOW && OIC && SOL_PLATFORM_LINUX
+	depends on OIC && SOL_PLATFORM_LINUX
 	default m
diff --git a/src/modules/flow/piezo-speaker/Kconfig b/src/modules/flow/piezo-speaker/Kconfig
index 7e67669d..ec55e18c 100644
--- a/src/modules/flow/piezo-speaker/Kconfig
+++ b/src/modules/flow/piezo-speaker/Kconfig
@@ -1,4 +1,4 @@
 config FLOW_NODE_TYPE_PIEZO_SPEAKER
 	tristate "Node type: piezo-speaker"
-	depends on FLOW && USE_PWM
+	depends on USE_PWM
 	default m
diff --git a/src/modules/flow/platform/Kconfig b/src/modules/flow/platform/Kconfig
index 44956f65..6662201a 100644
--- a/src/modules/flow/platform/Kconfig
+++ b/src/modules/flow/platform/Kconfig
@@ -1,4 +1,3 @@
 config FLOW_NODE_TYPE_PLATFORM
 	tristate "Node type: platform"
-	depends on FLOW
 	default y
diff --git a/src/modules/flow/process/Kconfig b/src/modules/flow/process/Kconfig
index 335440d0..ff04b4bc 100644
--- a/src/modules/flow/process/Kconfig
+++ b/src/modules/flow/process/Kconfig
@@ -1,4 +1,4 @@
 config FLOW_NODE_TYPE_PROCESS
 	tristate "Node type: process"
-	depends on FLOW && SOL_PLATFORM_LINUX
+	depends on SOL_PLATFORM_LINUX
 	default m
diff --git a/src/modules/flow/pwm/Kconfig b/src/modules/flow/pwm/Kconfig
index e4bd438a..1fbac94e 100644
--- a/src/modules/flow/pwm/Kconfig
+++ b/src/modules/flow/pwm/Kconfig
@@ -1,4 +1,4 @@
 config FLOW_NODE_TYPE_PWM
 	tristate "Node type: pwm"
-	depends on FLOW && USE_PWM
+	depends on USE_PWM
 	default y
diff --git a/src/modules/flow/random/Kconfig b/src/modules/flow/random/Kconfig
index 7fb7dce7..fd2fafb0 100644
--- a/src/modules/flow/random/Kconfig
+++ b/src/modules/flow/random/Kconfig
@@ -1,4 +1,3 @@
 config FLOW_NODE_TYPE_RANDOM
 	tristate "Node type: random"
-	depends on FLOW
 	default y
diff --git a/src/modules/flow/servo-motor/Kconfig b/src/modules/flow/servo-motor/Kconfig
index 9abf5bb7..0a1cd7f6 100644
--- a/src/modules/flow/servo-motor/Kconfig
+++ b/src/modules/flow/servo-motor/Kconfig
@@ -1,4 +1,4 @@
 config FLOW_NODE_TYPE_SERVO_MOTOR
 	tristate "Node type: servo-motor"
-	depends on FLOW && USE_PWM
+	depends on USE_PWM
 	default m
diff --git a/src/modules/flow/string/Kconfig b/src/modules/flow/string/Kconfig
index e49a9dde..9fbbd12e 100644
--- a/src/modules/flow/string/Kconfig
+++ b/src/modules/flow/string/Kconfig
@@ -1,4 +1,3 @@
 config FLOW_NODE_TYPE_STRING
 	tristate "Node type: string"
-	depends on FLOW
 	default y
diff --git a/src/modules/flow/switcher/Kconfig b/src/modules/flow/switcher/Kconfig
index c2cbd499..ad50d28a 100644
--- a/src/modules/flow/switcher/Kconfig
+++ b/src/modules/flow/switcher/Kconfig
@@ -1,4 +1,3 @@
 config FLOW_NODE_TYPE_SWITCHER
 	tristate "Node type: switcher"
-	depends on FLOW
 	default y
diff --git a/src/modules/flow/test/Kconfig b/src/modules/flow/test/Kconfig
index f960fa76..99405698 100644
--- a/src/modules/flow/test/Kconfig
+++ b/src/modules/flow/test/Kconfig
@@ -1,4 +1,3 @@
 config FLOW_NODE_TYPE_TEST
 	tristate "Node type: test"
-	depends on FLOW
 	default m
diff --git a/src/modules/flow/thingspeak/Kconfig b/src/modules/flow/thingspeak/Kconfig
index c75df2b9..770b0400 100644
--- a/src/modules/flow/thingspeak/Kconfig
+++ b/src/modules/flow/thingspeak/Kconfig
@@ -1,6 +1,6 @@
 config FLOW_NODE_TYPE_THINGSPEAK
 	tristate "Node type: thingspeak"
-	depends on FLOW && HTTP_CLIENT
+	depends on HTTP_CLIENT
 	default y
 	help
 		ThingSpeak is a service that allows publishing data via HTTP
diff --git a/src/modules/flow/timer/Kconfig b/src/modules/flow/timer/Kconfig
index 80349417..1775769f 100644
--- a/src/modules/flow/timer/Kconfig
+++ b/src/modules/flow/timer/Kconfig
@@ -1,4 +1,3 @@
 config FLOW_NODE_TYPE_TIMER
 	tristate "Node type: timer"
-	depends on FLOW
 	default y
diff --git a/src/modules/flow/trigonometry/Kconfig b/src/modules/flow/trigonometry/Kconfig
index 94eca7c2..d66d424a 100644
--- a/src/modules/flow/trigonometry/Kconfig
+++ b/src/modules/flow/trigonometry/Kconfig
@@ -1,4 +1,3 @@
 config FLOW_NODE_TYPE_TRIGONOMETRY
 	tristate "Node type: trigonometry"
-	depends on FLOW
 	default y
diff --git a/src/modules/flow/udev/Kconfig b/src/modules/flow/udev/Kconfig
index 2e65406d..b92ad06d 100644
--- a/src/modules/flow/udev/Kconfig
+++ b/src/modules/flow/udev/Kconfig
@@ -1,4 +1,4 @@
 config FLOW_NODE_TYPE_UDEV
 	tristate "Node type: udev"
-	depends on FLOW && HAVE_UDEV
+	depends on HAVE_UDEV
 	default m
diff --git a/src/modules/flow/unix-socket/Kconfig b/src/modules/flow/unix-socket/Kconfig
index 6e7268cd..570e5588 100644
--- a/src/modules/flow/unix-socket/Kconfig
+++ b/src/modules/flow/unix-socket/Kconfig
@@ -1,4 +1,4 @@
 config FLOW_NODE_TYPE_UNIX_SOCKET
 	tristate "Node type: unix-socket"
-	depends on FLOW && SOCKET_LINUX
+	depends on SOL_PLATFORM_LINUX
 	default m
diff --git a/src/modules/flow/wallclock/Kconfig b/src/modules/flow/wallclock/Kconfig
index ea16dc5f..3fc94e9e 100644
--- a/src/modules/flow/wallclock/Kconfig
+++ b/src/modules/flow/wallclock/Kconfig
@@ -1,4 +1,3 @@
 config FLOW_NODE_TYPE_WALLCLOCK
 	tristate "Node type: wallclock"
-	depends on FLOW
 	default y
diff --git a/src/test/Kconfig b/src/test/Kconfig
index ad80fa54..706e65ae 100644
--- a/src/test/Kconfig
+++ b/src/test/Kconfig
@@ -26,12 +26,12 @@ config TEST_FLOW
 
 config TEST_FLOW_BUILDER
 	bool "flow builder"
-	depends on FLOW && NODE_DESCRIPTION
+	depends on NODE_DESCRIPTION
 	default y
 
 config TEST_FLOW_PARSER
 	bool "flow parser"
-	depends on FLOW && NODE_DESCRIPTION
+	depends on NODE_DESCRIPTION
 	default y
 
 config TEST_JAVASCRIPT