"2015-08-07 13:59:36 -0300"
diff --git a/src/lib/common/Kconfig b/src/lib/common/Kconfig
index f4c7323f..5068046e 100644
--- a/src/lib/common/Kconfig
+++ b/src/lib/common/Kconfig
@@ -335,11 +335,6 @@ config USE_GPIO
 	default y
 endmenu
 
-config SOCKET_LINUX
-	bool "Linux sockets"
-	depends on SOL_PLATFORM_LINUX && NETWORK
-	default y
-
 menuconfig USE_PIN_MUX
         bool "Pin Multiplexer"
         depends on USE_GPIO
diff --git a/src/lib/common/Makefile b/src/lib/common/Makefile
index aec2cc82..702e1835 100644
--- a/src/lib/common/Makefile
+++ b/src/lib/common/Makefile
@@ -42,8 +42,6 @@ obj-core-$(MAINLOOP_CONTIKI) += \
 
 obj-core-$(PLATFORM_LINUX_MICRO) += \
     sol-platform-impl-linux-micro.o
-obj-core-$(SOCKET_LINUX) += \
-    sol-socket-linux.o
 obj-core-$(PLATFORM_RIOTOS) += \
     sol-platform-impl-riot.o
 obj-core-$(PLATFORM_DUMMY) += \
diff --git a/src/lib/comms/Makefile b/src/lib/comms/Makefile
index 25389b7f..373c051f 100644
--- a/src/lib/comms/Makefile
+++ b/src/lib/comms/Makefile
@@ -11,7 +11,8 @@ ifeq (y,$(NETWORK))
 
     ifeq (y,$(SOL_PLATFORM_LINUX))
     obj-comms-$(COMMS) += \
-        sol-network-linux.o
+        sol-network-linux.o \
+        sol-socket-linux.o
     endif
 endif
 
diff --git a/src/lib/common/sol-socket-linux.c b/src/lib/comms/sol-socket-linux.c
similarity index 100%
rename from src/lib/common/sol-socket-linux.c
rename to src/lib/comms/sol-socket-linux.c
diff --git a/src/lib/common/sol-socket.h b/src/lib/comms/sol-socket.h
similarity index 100%
rename from src/lib/common/sol-socket.h
rename to src/lib/comms/sol-socket.h