"2016-04-07 13:31:03 -0300"
diff --git a/src/samples/coap/Kconfig b/src/samples/coap/Kconfig
index 6958a905..bd8f1c44 100644
--- a/src/samples/coap/Kconfig
+++ b/src/samples/coap/Kconfig
@@ -1,10 +1,11 @@
 config COAP_SAMPLES
 	bool "CoAP samples"
+	depends on COAP
 	default y
 
 config COAP_CLIENT_SERVER_SAMPLES
 	bool "CoAP client/server samples"
-	depends on COAP && COAP_SAMPLES
+	depends on COAP_SAMPLES
 	default y
 
 config OIC_SAMPLES
@@ -14,5 +15,5 @@ config OIC_SAMPLES
 
 config LWM2M_SAMPLES
        bool "LWM2M samples"
-       depends on COAP && COAP_SAMPLES
+       depends on LWM2M && COAP_SAMPLES
        default y
diff --git a/src/samples/common/Kconfig b/src/samples/common/Kconfig
index 824304b0..2e6b11f3 100644
--- a/src/samples/common/Kconfig
+++ b/src/samples/common/Kconfig
@@ -14,6 +14,6 @@ config PLATFORM_SIMPLE_SAMPLE
 
 config UART_SAMPLE
 	bool "UART"
-	depends on COMMON_SAMPLES
+	depends on COMMON_SAMPLES && USE_UART
 	default y
 
diff --git a/src/samples/flow/am2315/Kconfig b/src/samples/flow/am2315/Kconfig
index 2532d63b..99126c5e 100644
--- a/src/samples/flow/am2315/Kconfig
+++ b/src/samples/flow/am2315/Kconfig
@@ -1,4 +1,4 @@
 config FLOW_AM2315_SAMPLE
 	bool
-	depends on FLOW_FBP_GENERATOR_SAMPLES && FLOW_NODE_TYPE_AM2315
+	depends on FLOW_FBP_GENERATOR_SAMPLES && FLOW_NODE_TYPE_AM2315 && FLOW_NODE_TYPE_TIMER && FLOW_NODE_TYPE_TEMPERATURE && FLOW_NODE_TYPE_CONSOLE
 	default y
diff --git a/src/samples/flow/basics/Kconfig b/src/samples/flow/basics/Kconfig
index af789231..d6be83db 100644
--- a/src/samples/flow/basics/Kconfig
+++ b/src/samples/flow/basics/Kconfig
@@ -1,34 +1,34 @@
 config FLOW_BASICS_CMDLINE_ARGS_SAMPLE
 	bool
-	depends on FLOW_FBP_GENERATOR_SAMPLES
+	depends on FLOW_FBP_GENERATOR_SAMPLES && FLOW_NODE_TYPE_APP && FLOW_NODE_TYPE_CONSOLE && FLOW_NODE_TYPE_INT && FLOW_NODE_TYPE_CONSTANT && FLOW_NODE_TYPE_CONVERTER
 	default y
 
 config FLOW_BASICS_FIBONACCI_SAMPLE
 	bool
-	depends on FLOW_FBP_GENERATOR_SAMPLES
+	depends on FLOW_FBP_GENERATOR_SAMPLES && FLOW_NODE_TYPE_CONSTANT && FLOW_NODE_TYPE_INT && FLOW_NODE_TYPE_SWITCHER && BOOLEAN && FLOW_NODE_TYPE_CONSOLE && FLOW_NODE_TYPE_APP && FLOW_NODE_TYPE_CONVERTER
 	default y
 
 config FLOW_BASICS_PLATORM_SERVICE_SAMPLE
 	bool
-	depends on FLOW_FBP_GENERATOR_SAMPLES
+	depends on FLOW_FBP_GENERATOR_SAMPLES && FLOW_NODE_TYPE_TIMER && FLOW_NODE_TYPE_CONSOLE && FLOW_NODE_TYPE_PLATFORM
 	default y
 
 config FLOW_BASICS_SIMPLE_SAMPLE
 	bool
-	depends on FLOW_FBP_GENERATOR_SAMPLES
+	depends on FLOW_FBP_GENERATOR_SAMPLES && FLOW_NODE_TYPE_TIMER && FLOW_NODE_TYPE_BOOLEAN && FLOW_NODE_TYPE_CONSOLE
 	default y
 
 config FLOW_BASICS_SUBPROCESS_BC_SAMPLE
 	bool
-	depends on FLOW_FBP_GENERATOR_SAMPLES && FLOW_NODE_TYPE_PROCESS
+	depends on FLOW_FBP_GENERATOR_SAMPLES && FLOW_NODE_TYPE_PROCESS && FLOW_NODE_TYPE_CONSOLE && FLOW_NODE_TYPE_CONSTANT
 	default y
 
 config FLOW_BASICS_KEYBOARD_SAMPLE
 	bool
-	depends on FLOW_FBP_GENERATOR_SAMPLES && FLOW_NODE_TYPE_KEYBOARD
+	depends on FLOW_FBP_GENERATOR_SAMPLES && FLOW_NODE_TYPE_KEYBOARD && FLOW_NODE_TYPE_CONSOLE
 	default y
 
 config FLOW_BASICS_SET_TARGET_SAMPLE
        bool
-       depends on FLOW_FBP_GENERATOR_SAMPLES && FLOW_NODE_TYPE_PLATFORM
+       depends on FLOW_FBP_GENERATOR_SAMPLES && FLOW_NODE_TYPE_PLATFORM && FLOW_NODE_TYPE_CONSTANT && FLOW_NODE_TYPE_TIMER && FLOW_NODE_TYPE_CONVERTER && FLOW_NODE_TYPE_GPIO
        default y
diff --git a/src/samples/flow/compass/Kconfig b/src/samples/flow/compass/Kconfig
index 7b555c24..e18b9795 100644
--- a/src/samples/flow/compass/Kconfig
+++ b/src/samples/flow/compass/Kconfig
@@ -1,4 +1,4 @@
 config FLOW_COMPASS_LSM303_SAMPLE
 	bool
-	depends on FLOW_FBP_GENERATOR_SAMPLES && FLOW_NODE_TYPE_MAGNETOMETER && FLOW_NODE_TYPE_ACCELEROMETER && FLOW_NODE_TYPE_COMPASS
+	depends on FLOW_FBP_GENERATOR_SAMPLES && FLOW_NODE_TYPE_MAGNETOMETER && FLOW_NODE_TYPE_ACCELEROMETER && FLOW_NODE_TYPE_COMPASS && FLOW_NODE_TYPE_CONSOLE
 	default y
diff --git a/src/samples/flow/foosball/Kconfig b/src/samples/flow/foosball/Kconfig
index 3a2b02b1..e7bc6c8d 100644
--- a/src/samples/flow/foosball/Kconfig
+++ b/src/samples/flow/foosball/Kconfig
@@ -1,4 +1,4 @@
 config FLOW_FOOSBALL_SAMPLE
 	bool
-	depends on FLOW_FBP_GENERATOR_SAMPLES && FLOW_NODE_TYPE_GTK
+	depends on FLOW_FBP_GENERATOR_SAMPLES && FLOW_NODE_TYPE_GTK && FLOW_NODE_TYPE_CONSTANT && FLOW_NODE_TYPE_BOOLEAN && FLOW_NODE_TYPE_TIMER && FLOW_NODE_TYPE_INT && FLOW_NODE_TYPE_CONVERTER
 	default y
diff --git a/src/samples/flow/grove-kit/Kconfig b/src/samples/flow/grove-kit/Kconfig
index 0e8f4c5f..571d306b 100644
--- a/src/samples/flow/grove-kit/Kconfig
+++ b/src/samples/flow/grove-kit/Kconfig
@@ -1,44 +1,44 @@
 config FLOW_GROVE_BUTTON_SAMPLE
 	bool
-	depends on FLOW_FBP_GENERATOR_SAMPLES
+	depends on FLOW_FBP_GENERATOR_SAMPLES && FLOW_NODE_TYPE_GPIO
 	default y
 
 config FLOW_GROVE_BUZZER_SAMPLE
 	bool
-	depends on FLOW_FBP_GENERATOR_SAMPLES && FLOW_NODE_TYPE_PIEZZO_SPEAKER
+	depends on FLOW_FBP_GENERATOR_SAMPLES && FLOW_NODE_TYPE_PIEZO_SPEAKER && FLOW_NODE_TYPE_CONSTANT
 	default y
 
 config FLOW_GROVE_LED_ACCUMULATOR_SAMPLE
 	bool
-	depends on FLOW_FBP_GENERATOR_SAMPLES
+	depends on FLOW_FBP_GENERATOR_SAMPLES && FLOW_NODE_TYPE_CONSTANT && FLOW_NODE_TYPE_TIMER && FLOW_NODE_TYPE_INT && FLOW_NODE_TYPE_CONVERTER && FLOW_NODE_TYPE_BOOLEAN && FLOW_NODE_TYPE_PWM
 	default y
 
 config FLOW_GROVE_RELAY_SAMPLE
 	bool
-	depends on FLOW_FBP_GENERATOR_SAMPLES
+	depends on FLOW_FBP_GENERATOR_SAMPLES && FLOW_NODE_TYPE_GPIO
 	default y
 
 config FLOW_GROVE_SOUND_SENSOR_SAMPLE
 	bool
-	depends on FLOW_FBP_GENERATOR_SAMPLES
+	depends on FLOW_FBP_GENERATOR_SAMPLES && FLOW_NODE_TYPE_CONSTANT && FLOW_NODE_TYPE_INT && FLOW_NODE_TYPE_AIO && FLOW_NODE_TYPE_GPIO
 	default y
 
 config FLOW_GROVE_LED_WAVE_GENERATOR_SAMPLE
 	bool
-	depends on FLOW_FBP_GENERATOR_SAMPLES
+	depends on FLOW_FBP_GENERATOR_SAMPLES && FLOW_NODE_TYPE_CONSTANT && FLOW_NODE_TYPE_TIMER && FLOW_NODE_TYPE_FLOAT && FLOW_NODE_TYPE_CONVERTER && FLOW_NODE_TYPE_PWM
 	default y
 
 config FLOW_GROVE_LIGHT_SENSOR_SAMPLE
 	bool
-	depends on FLOW_FBP_GENERATOR_SAMPLES
+	depends on FLOW_FBP_GENERATOR_SAMPLES && FLOW_NODE_TYPE_CONVERTER && FLOW_NODE_TYPE_GPIO && FLOW_NODE_TYPE_GROVE
 	default y
 
 config FLOW_GROVE_ROTARY_ANGLE_SENSOR_SAMPLE
 	bool
-	depends on FLOW_FBP_GENERATOR_SAMPLES
+	depends on FLOW_FBP_GENERATOR_SAMPLES && FLOW_NODE_TYPE_GPIO && FLOW_NODE_TYPE_CONVERTER && FLOW_NODE_TYPE_CONSTANT && FLOW_NODE_TYPE_GROVE
 	default y
 
 config FLOW_GROVE_TEMPERATURE_SENSOR_SAMPLE
 	bool
-	depends on FLOW_FBP_GENERATOR_SAMPLES
+	depends on FLOW_FBP_GENERATOR_SAMPLES && FLOW_NODE_TYPE_INT && FLOW_NODE_TYPE_CONSTANT && FLOW_NODE_TYPE_GPIO && FLOW_NODE_TYPE_AIO && FLOW_NODE_TYPE_CONVERTER && FLOW_NODE_TYPE_STRING && FLOW_NODE_TYPE_GROVE && FLOW_NODE_TYPE_TEMPERATURE
 	default y
diff --git a/src/samples/flow/grove-kit/lcd/Kconfig b/src/samples/flow/grove-kit/lcd/Kconfig
index 33d33853..0d80da79 100644
--- a/src/samples/flow/grove-kit/lcd/Kconfig
+++ b/src/samples/flow/grove-kit/lcd/Kconfig
@@ -1,49 +1,49 @@
 config FLOW_GROVE_LCD_AUTOSCROLL_SAMPLE
 	bool
-	depends on FLOW_FBP_GENERATOR_SAMPLES && FLOW_NODE_TYPE_GROVE
+	depends on FLOW_FBP_GENERATOR_SAMPLES && FLOW_NODE_TYPE_GROVE && FLOW_NODE_TYPE_CONSTANT && FLOW_NODE_TYPE_BOOLEAN && FLOW_NODE_TYPE_INT && FLOW_NODE_TYPE_TIMER && FLOW_NODE_TYPE_CONVERTER
 	default y
 
 config FLOW_GROVE_LCD_BLINK_SAMPLE
 	bool
-	depends on FLOW_FBP_GENERATOR_SAMPLES && FLOW_NODE_TYPE_GROVE
+	depends on FLOW_FBP_GENERATOR_SAMPLES && FLOW_NODE_TYPE_GROVE && FLOW_NODE_TYPE_CONSTANT && BOOLEAN && FLOW_NODE_TYPE_TIMER && FLOW_NODE_TYPE_CONVERTER
 	default y
 
 config FLOW_GROVE_LCD_CURSOR_SAMPLE
 	bool
-	depends on FLOW_FBP_GENERATOR_SAMPLES && FLOW_NODE_TYPE_GROVE
+	depends on FLOW_FBP_GENERATOR_SAMPLES && FLOW_NODE_TYPE_GROVE && FLOW_NODE_TYPE_CONSTANT && FLOW_NODE_TYPE_BOOLEAN && FLOW_NODE_TYPE_TIMER && FLOW_NODE_TYPE_CONVERTER
 	default y
 
 config FLOW_GROVE_LCD_DISPLAY_SAMPLE
 	bool
-	depends on FLOW_FBP_GENERATOR_SAMPLES && FLOW_NODE_TYPE_GROVE
+	depends on FLOW_FBP_GENERATOR_SAMPLES && FLOW_NODE_TYPE_GROVE && FLOW_NODE_TYPE_CONSTANT && FLOW_NODE_TYPE_BOOLEAN && FLOW_NODE_TYPE_TIMER
 	default y
 
 config FLOW_GROVE_LCD_HELLO_WORLD_SAMPLE
 	bool
-	depends on FLOW_FBP_GENERATOR_SAMPLES && FLOW_NODE_TYPE_GROVE
+	depends on FLOW_FBP_GENERATOR_SAMPLES && FLOW_NODE_TYPE_GROVE && FLOW_NODE_TYPE_CONSTANT && FLOW_NODE_TYPE_TIMER && FLOW_NODE_TYPE_CONVERTER && FLOW_NODE_TYPE_INT
 	default y
 
 config FLOW_GROVE_LCD_SCROLL_SAMPLE
 	bool
-	depends on FLOW_FBP_GENERATOR_SAMPLES && FLOW_NODE_TYPE_GROVE
+	depends on FLOW_FBP_GENERATOR_SAMPLES && FLOW_NODE_TYPE_GROVE && FLOW_NODE_TYPE_CONSTANT && FLOW_NODE_TYPE_INT && FLOW_NODE_TYPE_TIMER && FLOW_NODE_TYPE_CONVERTER && FLOW_NODE_TYPE_BOOLEAN
 	default y
 
 config FLOW_GROVE_LCD_SET_CURSOR_SAMPLE
 	bool
-	depends on FLOW_FBP_GENERATOR_SAMPLES && FLOW_NODE_TYPE_GROVE
+	depends on FLOW_FBP_GENERATOR_SAMPLES && FLOW_NODE_TYPE_GROVE && FLOW_NODE_TYPE_TIMER && FLOW_NODE_TYPE_INT && FLOW_NODE_TYPE_CONVERTER && FLOW_NODE_TYPE_CONSTANT
 	default y
 
 config FLOW_GROVE_LCD_TEXT_DIRECTION_SAMPLE
 	bool
-	depends on FLOW_FBP_GENERATOR_SAMPLES && FLOW_NODE_TYPE_GROVE
+	depends on FLOW_FBP_GENERATOR_SAMPLES && FLOW_NODE_TYPE_GROVE && FLOW_NODE_TYPE_TIMER && FLOW_NODE_TYPE_INT && FLOW_NODE_TYPE_CONVERTER && FLOW_NODE_TYPE_CONSTANT && FLOW_NODE_TYPE_BOOLEAN
 	default y
 
 config FLOW_GROVE_LCD_FADE_SAMPLE
 	bool
-	depends on FLOW_FBP_GENERATOR_SAMPLES && FLOW_NODE_TYPE_GROVE
+	depends on FLOW_FBP_GENERATOR_SAMPLES && FLOW_NODE_TYPE_GROVE && FLOW_NODE_TYPE_TIMER && FLOW_NODE_TYPE_CONVERTER && FLOW_NODE_TYPE_CONSTANT && FLOW_NODE_TYPE_FLOAT
 	default y
 
 config FLOW_GROVE_LCD_FORM_SAMPLE
 	bool
-	depends on FLOW_FBP_GENERATOR_SAMPLES && FLOW_NODE_TYPE_GROVE
+	depends on FLOW_FBP_GENERATOR_SAMPLES && FLOW_NODE_TYPE_GROVE && FLOW_NODE_TYPE_FORM && FLOW_NODE_TYPE_KEYBOARD && FLOW_NODE_TYPE_CONSTANT && FLOW_NODE_TYPE_TIMER && FLOW_NODE_TYPE_CONVERTER
 	default y
diff --git a/src/samples/flow/gtk-gallery/Kconfig b/src/samples/flow/gtk-gallery/Kconfig
index 6c4f5a08..8529c544 100644
--- a/src/samples/flow/gtk-gallery/Kconfig
+++ b/src/samples/flow/gtk-gallery/Kconfig
@@ -1,4 +1,4 @@
 config FLOW_GTK_GALLERY_SAMPLE
 	bool
-	depends on FLOW_FBP_GENERATOR_SAMPLES && FLOW_NODE_TYPE_GTK
+	depends on FLOW_FBP_GENERATOR_SAMPLES && FLOW_NODE_TYPE_GTK && FLOW_NODE_TYPE_TIMER && FLOW_NODE_TYPE_INT
 	default y
diff --git a/src/samples/flow/http-client/Kconfig b/src/samples/flow/http-client/Kconfig
index 66ce5405..447cf571 100644
--- a/src/samples/flow/http-client/Kconfig
+++ b/src/samples/flow/http-client/Kconfig
@@ -1,4 +1,4 @@
 config FLOW_HTTP_CLIENT_SAMPLE
 	bool
-	depends on FLOW_FBP_GENERATOR_SAMPLES && FLOW_NODE_TYPE_HTTP_CLIENT
+	depends on FLOW_FBP_GENERATOR_SAMPLES && FLOW_NODE_TYPE_HTTP_CLIENT && FLOW_NODE_TYPE_CONSOLE && FLOW_NODE_TYPE_CONSTANT && FLOW_NODE_TYPE_APP && FLOW_NODE_TYPE_FILE
 	default y
diff --git a/src/samples/flow/http-json/Kconfig b/src/samples/flow/http-json/Kconfig
index 1c80b5fc..f8b9d2c3 100644
--- a/src/samples/flow/http-json/Kconfig
+++ b/src/samples/flow/http-json/Kconfig
@@ -1,4 +1,4 @@
 config FLOW_HTTP_JSON_SAMPLE
 	bool
-	depends on FLOW_FBP_GENERATOR_SAMPLES && FLOW_NODE_TYPE_HTTP_CLIENT && FLOW_NODE_TYPE_JSON
+	depends on FLOW_FBP_GENERATOR_SAMPLES && FLOW_NODE_TYPE_HTTP_CLIENT && FLOW_NODE_TYPE_JSON && FLOW_NODE_TYPE_CONSTANT && FLOW_NODE_TYPE_TEMPERATURE && FLOW_NODE_TYPE_CONSTANT && FLOW_NODE_TYPE_SWITCHER && FLOW_NODE_TYPE_STRING && FLOW_NODE_TYPE_CONVERTER && FLOW_NODE_TYPE_APP && FLOW_NODE_TYPE_CONSOLE && FLOW_NODE_TYPE_LOCATION
 	default y
diff --git a/src/samples/flow/http-server/Kconfig b/src/samples/flow/http-server/Kconfig
index b3f313c1..93fe145c 100644
--- a/src/samples/flow/http-server/Kconfig
+++ b/src/samples/flow/http-server/Kconfig
@@ -1,4 +1,4 @@
 config FLOW_HTTP_SERVER_SAMPLE
 	bool
-	depends on FLOW_FBP_GENERATOR_SAMPLES && FLOW_NODE_TYPE_HTTP_SERVER && FLOW_NODE_TYPE_KEYBOARD
+	depends on FLOW_FBP_GENERATOR_SAMPLES && FLOW_NODE_TYPE_HTTP_SERVER && FLOW_NODE_TYPE_KEYBOARD && FLOW_NODE_TYPE_CONSOLE
 	default y
diff --git a/src/samples/flow/iio/Kconfig b/src/samples/flow/iio/Kconfig
index 79ffbc3a..51beb120 100644
--- a/src/samples/flow/iio/Kconfig
+++ b/src/samples/flow/iio/Kconfig
@@ -1,4 +1,4 @@
 config FLOW_IIO_SAMPLE
 	bool
-	depends on FLOW_FBP_GENERATOR_SAMPLES && FLOW_NODE_TYPE_IIO && FLOW_NODE_TYPE_TIMER && FLOW_NODE_TYPE_CONSOLE
+	depends on FLOW_FBP_GENERATOR_SAMPLES && FLOW_NODE_TYPE_IIO && FLOW_NODE_TYPE_TIMER && FLOW_NODE_TYPE_CONSOLE && FLOW_NODE_TYPE_IIO
 	default y
diff --git a/src/samples/flow/io/Kconfig b/src/samples/flow/io/Kconfig
index f394d9e5..05e9dec7 100644
--- a/src/samples/flow/io/Kconfig
+++ b/src/samples/flow/io/Kconfig
@@ -1,4 +1,4 @@
 config FLOW_IO_SAMPLE
 	bool
-	depends on FLOW_FBP_GENERATOR_SAMPLES && FLOW_NODE_TYPE_PWM && FLOW_NODE_TYPE_SERVO_MOTOR
+	depends on FLOW_FBP_GENERATOR_SAMPLES && FLOW_NODE_TYPE_PWM && FLOW_NODE_TYPE_SERVO_MOTOR && FLOW_NODE_TYPE_INT && FLOW_NODE_TYPE_TIMER && FLOW_NODE_TYPE_CONSOLE && FLOW_NODE_TYPE_CONVERTER && FLOW_NODE_TYPE_BOOLEAN
 	default y
diff --git a/src/samples/flow/js/Kconfig b/src/samples/flow/js/Kconfig
index 55648fc9..e78ead03 100644
--- a/src/samples/flow/js/Kconfig
+++ b/src/samples/flow/js/Kconfig
@@ -1,14 +1,14 @@
 config FLOW_TELEGRAM_JS_SAMPLE
 	bool
-	depends on FLOW_FBP_GENERATOR_SAMPLES && FLOW_METATYPE_JAVASCRIPT
+	depends on FLOW_FBP_GENERATOR_SAMPLES && FLOW_METATYPE_JAVASCRIPT && FLOW_NODE_TYPE_CONSTANT && FLOW_NODE_TYPE_CONSOLE
 	default y
 
 config FLOW_MY_COUNTER_JS_SAMPLE
 	bool
-	depends on FLOW_FBP_GENERATOR_SAMPLES && FLOW_METATYPE_JAVASCRIPT
+	depends on FLOW_FBP_GENERATOR_SAMPLES && FLOW_METATYPE_JAVASCRIPT && FLOW_NODE_TYPE_TIMER && FLOW_NODE_TYPE_BOOLEAN && FLOW_NODE_TYPE_CONSOLE
 	default y
 
 config FLOW_ATTENDEE_JS_SAMPLE
 	bool
-	depends on FLOW_FBP_GENERATOR_SAMPLES && FLOW_METATYPE_JAVASCRIPT
+	depends on FLOW_FBP_GENERATOR_SAMPLES && FLOW_METATYPE_JAVASCRIPT && FLOW_NODE_TYPE_INT && FLOW_NODE_TYPE_CONSTANT && FLOW_NODE_TYPE_BOOLEAN && FLOW_NODE_TYPE_GTK
 	default y
diff --git a/src/samples/flow/led-strip/Kconfig b/src/samples/flow/led-strip/Kconfig
index ccc8fbf2..3dfcf120 100644
--- a/src/samples/flow/led-strip/Kconfig
+++ b/src/samples/flow/led-strip/Kconfig
@@ -1,4 +1,4 @@
 config FLOW_LD_STRIP_LPD8806_SAMPLE
 	bool
-	depends on FLOW_FBP_GENERATOR_SAMPLES && FLOW_NODE_TYPE_LED_STRIP
+	depends on FLOW_FBP_GENERATOR_SAMPLES && FLOW_NODE_TYPE_LED_STRIP && FLOW_NODE_TYPE_INT && FLOW_NODE_TYPE_CONVERTER && FLOW_NODE_TYPE_BOOLEAN && FLOW_NODE_TYPE_RANDOM && FLOW_NODE_TYPE_TIMER
 	default y
diff --git a/src/samples/flow/minnow-calamari/Kconfig b/src/samples/flow/minnow-calamari/Kconfig
index 29311911..ea8259a9 100644
--- a/src/samples/flow/minnow-calamari/Kconfig
+++ b/src/samples/flow/minnow-calamari/Kconfig
@@ -1,16 +1,16 @@
 config FLOW_CALAMARI_7SEG_SEGMENTS_SAMPLE
 	bool
-	depends on FLOW_FBP_GENERATOR_SAMPLES && FLOW_NODE_TYPE_CALAMARI
+	depends on FLOW_FBP_GENERATOR_SAMPLES && FLOW_NODE_TYPE_CALAMARI && FLOW_NODE_TYPE_TIMER && FLOW_NODE_TYPE_INT && FLOW_NODE_TYPE_SWITCHER && FLOW_NODE_TYPE_CONSTANT && FLOW_NODE_TYPE_LED_7SEG
 	default y
 
 config FLOW_CALAMARI_7SEG_VALUE_SAMPLE
 	bool
-	depends on FLOW_FBP_GENERATOR_SAMPLES && FLOW_NODE_TYPE_CALAMARI
+	depends on FLOW_FBP_GENERATOR_SAMPLES && FLOW_NODE_TYPE_CALAMARI && FLOW_NODE_TYPE_INT && FLOW_NODE_TYPE_WALLCLOCK && FLOW_NODE_TYPE_LED_7SEG
 	default y
 
 config FLOW_CALAMARI_BUTTONS_RGB_LED_SAMPLE
 	bool
-	depends on FLOW_FBP_GENERATOR_SAMPLES && FLOW_NODE_TYPE_CALAMARI
+	depends on FLOW_FBP_GENERATOR_SAMPLES && FLOW_NODE_TYPE_CALAMARI && FLOW_NODE_TYPE_CONSOLE && FLOW_NODE_TYPE_GPIO
 	default y
 
 config FLOW_CALAMARI_LED_SAMPLE
@@ -25,10 +25,10 @@ config FLOW_CALAMARI_LEVER_SAMPLE
 
 config FLOW_CALAMARI_RGB_LED_SAMPLE
 	bool
-	depends on FLOW_FBP_GENERATOR_SAMPLES && FLOW_NODE_TYPE_CALAMARI
+	depends on FLOW_FBP_GENERATOR_SAMPLES && FLOW_NODE_TYPE_CALAMARI && FLOW_NODE_TYPE_WALLCLOCK && FLOW_NODE_TYPE_INT && FLOW_NODE_TYPE_CONVERTER && FLOW_NODE_TYPE_GPIO
 	default y
 
 config FLOW_CALAMARI_BUTTON_ACCUMULATOR_PERSISTENCE
 	bool
-	depends on FLOW_FBP_GENERATOR_SAMPLES && FLOW_NODE_TYPE_CALAMARI && FLOW_NODE_TYPE_PERSISTENCE
+	depends on FLOW_FBP_GENERATOR_SAMPLES && FLOW_NODE_TYPE_CALAMARI && FLOW_NODE_TYPE_PERSISTENCE && FLOW_NODE_TYPE_INT && FLOW_NODE_TYPE_BOOLEAN && FLOW_NODE_TYPE_GPIO
 	default y
diff --git a/src/samples/flow/misc/Kconfig b/src/samples/flow/misc/Kconfig
index 7fc2b9ed..6094fe46 100644
--- a/src/samples/flow/misc/Kconfig
+++ b/src/samples/flow/misc/Kconfig
@@ -1,6 +1,6 @@
 config FLOW_MISC_FILE_COPY_SAMPLE
 	bool
-	depends on FLOW_FBP_GENERATOR_SAMPLES
+	depends on FLOW_FBP_GENERATOR_SAMPLES && FLOW_NODE_TYPE_TIMER && FLOW_NODE_TYPE_CONSTANT && FLOW_NODE_TYPE_APP && FLOW_NODE_TYPE_CONSOLE && FLOW_NODE_TYPE_INT && FLOW_NODE_TYPE_FILEFLOW_NODE_TYPE_CONVERTER
 	default y
 
 config FLOW_MISC_FS_PERSISTENCE_SAMPLE
@@ -10,25 +10,25 @@ config FLOW_MISC_FS_PERSISTENCE_SAMPLE
 
 config FLOW_MISC_RANDOM_NUMBERS_SAMPLE
 	bool
-	depends on FLOW_FBP_GENERATOR_SAMPLES
+	depends on FLOW_FBP_GENERATOR_SAMPLES && FLOW_NODE_TYPE_TIMER && FLOW_NODE_TYPE_RANDOM && FLOW_NODE_TYPE_CONSOLE
 	default y
 
 config FLOW_MISC_TICKETS_QUEUE_SAMPLE
 	bool
-	depends on FLOW_FBP_GENERATOR_SAMPLES && FLOW_NODE_TYPE_KEYBOARD
+	depends on FLOW_FBP_GENERATOR_SAMPLES && FLOW_NODE_TYPE_KEYBOARD && FLOW_NODE_TYPE_INT && FLOW_NODE_TYPE_CONSOLE && FLOW_NODE_TYPE_CONVERTER && FLOW_NODE_TYPE_BOOLEAN
 	default y
 
 config FLOW_MISC_FLOWER_POWER_SAMPLE
 	bool
-	depends on FLOW_FBP_GENERATOR_SAMPLES && FLOW_NODE_TYPE_FLOWER_POWER
+	depends on FLOW_FBP_GENERATOR_SAMPLES && FLOW_NODE_TYPE_FLOWER_POWER && FLOW_NODE_TYPE_APP && FLOW_NODE_TYPE_CONSOLE && FLOW_NODE_TYPE_TIMER
 	default y
 
 config FLOW_MISC_FREEGEO_IP_SAMPLE
 	bool
-	depends on FLOW_FBP_GENERATOR_SAMPLES && FLOW_NODE_TYPE_LOCATION
+	depends on FLOW_FBP_GENERATOR_SAMPLES && FLOW_NODE_TYPE_LOCATION && FLOW_NODE_TYPE_CONSTANT && FLOW_NODE_TYPE_CONSOLE
 	default y
 
 config FLOW_MISC_PERSISTENCE_SAMPLE
 	bool
-	depends on FLOW_FBP_GENERATOR_SAMPLES && FLOW_NODE_TYPE_PERSISTENCE
+	depends on FLOW_FBP_GENERATOR_SAMPLES && FLOW_NODE_TYPE_PERSISTENCE && FLOW_NODE_TYPE_TIMER && FLOW_NODE_TYPE_BOOLEAN && FLOW_NODE_TYPE_WALLCLOCK && FLOW_NODE_TYPE_CONVERTER && FLOW_NODE_TYPE_CONSOLE
 	default y
diff --git a/src/samples/flow/mqtt/Kconfig b/src/samples/flow/mqtt/Kconfig
index 10bf60cd..429c7d41 100644
--- a/src/samples/flow/mqtt/Kconfig
+++ b/src/samples/flow/mqtt/Kconfig
@@ -1,4 +1,4 @@
 config FLOW_MQTT_SAMPLE
 	bool
-	depends on FLOW_FBP_GENERATOR_SAMPLES && FLOW_NODE_TYPE_MQTT
+	depends on FLOW_FBP_GENERATOR_SAMPLES && FLOW_NODE_TYPE_MQTT && FLOW_NODE_TYPE_CONSOLE && FLOW_NODE_TYPE_CONSTANT && FLOW_NODE_TYPE_CONVERTER && FLOW_NODE_TYPE_TIMER
 	default y
diff --git a/src/samples/flow/oic-and-http-light/Kconfig b/src/samples/flow/oic-and-http-light/Kconfig
index f2bc8b55..b86237ef 100644
--- a/src/samples/flow/oic-and-http-light/Kconfig
+++ b/src/samples/flow/oic-and-http-light/Kconfig
@@ -1,4 +1,4 @@
 config FLOW_OIC_AND_HTTP_LIGHT_SAMPLE
 	bool
-	depends on FLOW_FBP_GENERATOR_SAMPLES && FLOW_NODE_TYPE_OIC && FLOW_NODE_TYPE_HTTP_CLIENT && FLOW_NODE_TYPE_HTTP_SERVER && FLOW_NODE_TYPE_CONSOLE && FLOW_NODE_TYPE_TIMER && FLOW_NODE_TYPE_APP && FLOW_NODE_TYPE_CONSTANT && FLOW_NODE_TYPE_CONVERTER && FLOW_NODE_TYPE_PLATFORM && FLOW_NODE_TYPE_PERSISTENCE
+	depends on FLOW_FBP_GENERATOR_SAMPLES && FLOW_NODE_TYPE_OIC && FLOW_NODE_TYPE_HTTP_CLIENT && FLOW_NODE_TYPE_HTTP_SERVER && FLOW_NODE_TYPE_CONSOLE && FLOW_NODE_TYPE_TIMER && FLOW_NODE_TYPE_APP && FLOW_NODE_TYPE_CONSTANT && FLOW_NODE_TYPE_CONVERTER && FLOW_NODE_TYPE_PLATFORM && FLOW_NODE_TYPE_PERSISTENCE && FLOW_NODE_TYPE_INT && FLOW_NODE_TYPE_STRING && FLOW_NODE_TYPE_KEYBOARD
 	default y
diff --git a/src/samples/flow/oic/Kconfig b/src/samples/flow/oic/Kconfig
index 6f7e86cf..0246f141 100644
--- a/src/samples/flow/oic/Kconfig
+++ b/src/samples/flow/oic/Kconfig
@@ -1,4 +1,4 @@
 config FLOW_OIC_SAMPLE
 	bool
-	depends on FLOW_FBP_GENERATOR_SAMPLES && FLOW_NODE_TYPE_OIC
+	depends on FLOW_FBP_GENERATOR_SAMPLES && FLOW_NODE_TYPE_OIC && FLOW_NODE_TYPE_TIMER && FLOW_NODE_TYPE_CONSOLE && FLOW_NODE_TYPE_BOOLEAN
 	default y
diff --git a/src/samples/flow/oic/light-scan/Kconfig b/src/samples/flow/oic/light-scan/Kconfig
index 03eac707..45f784fa 100644
--- a/src/samples/flow/oic/light-scan/Kconfig
+++ b/src/samples/flow/oic/light-scan/Kconfig
@@ -1,4 +1,4 @@
 config FLOW_OIC_SCAN_SAMPLE
 	bool
-	depends on FLOW_FBP_GENERATOR_SAMPLES && FLOW_NODE_TYPE_OIC && FLOW_NODE_TYPE_GTK
+	depends on FLOW_FBP_GENERATOR_SAMPLES && FLOW_NODE_TYPE_OIC && FLOW_NODE_TYPE_GTK && FLOW_NODE_TYPE_CONSTANT && FLOW_NODE_TYPE_FORM && FLOW_NODE_TYPE_TIMER && FLOW_NODE_TYPE_CONVERTER && FLOW_NODE_TYPE_BOOLEAN && FLOW_NODE_TYPE_PERSISTENCE
 	default y
diff --git a/src/samples/flow/power-supply/Kconfig b/src/samples/flow/power-supply/Kconfig
index f183a4ec..0cbc6be9 100644
--- a/src/samples/flow/power-supply/Kconfig
+++ b/src/samples/flow/power-supply/Kconfig
@@ -1,4 +1,4 @@
 config FLOW_POWER_SUPPLY_SAMPLE
 	bool
-	depends on FLOW_FBP_GENERATOR_SAMPLES && FLOW_NODE_TYPE_POWER_SUPPLY && FLOW_NODE_TYPE_GTK
+	depends on FLOW_FBP_GENERATOR_SAMPLES && FLOW_NODE_TYPE_POWER_SUPPLY && FLOW_NODE_TYPE_GTK && FLOW_NODE_TYPE_APP && FLOW_NODE_TYPE_TIMER && FLOW_NODE_TYPE_STRING && FLOW_NODE_TYPE_BOOLEAN && FLOW_NODE_TYPE_CONVERTER && FLOW_NODE_TYPE_CONSOLE && FLOW_NODE_TYPE_CONSTANT
 	default y
diff --git a/src/samples/flow/semaphore-monitor/Kconfig b/src/samples/flow/semaphore-monitor/Kconfig
index e734bb71..9b33ee2c 100644
--- a/src/samples/flow/semaphore-monitor/Kconfig
+++ b/src/samples/flow/semaphore-monitor/Kconfig
@@ -1,4 +1,4 @@
 config FLOW_SEMAPHORE_MONITOR_SEMAPHORE_MONITOR_CONSOLE_SAMPLE
         bool
-        depends on FLOW_FBP_GENERATOR_SAMPLES && FLOW_NODE_TYPE_HTTP_CLIENT
+        depends on FLOW_FBP_GENERATOR_SAMPLES && FLOW_NODE_TYPE_HTTP_CLIENT && FLOW_NODE_TYPE_STRING && FLOW_NODE_TYPE_CONSOLE && FLOW_NODE_TYPE_TIMER && FLOW_NODE_TYPE_CONSTANT
         default y
diff --git a/src/samples/flow/trash-disposer/Kconfig b/src/samples/flow/trash-disposer/Kconfig
index 572061f7..600efbc1 100644
--- a/src/samples/flow/trash-disposer/Kconfig
+++ b/src/samples/flow/trash-disposer/Kconfig
@@ -1,4 +1,4 @@
 config FLOW_TRASH_DISPOSER
 	bool
-	depends on FLOW_FBP_GENERATOR_SAMPLES && FLOW_NODE_TYPE_SERVO_MOTOR && FLOW_NODE_TYPE_GPIO
+	depends on FLOW_FBP_GENERATOR_SAMPLES && FLOW_NODE_TYPE_SERVO_MOTOR && FLOW_NODE_TYPE_GPIO && FLOW_NODE_TYPE_TIMER && FLOW_NODE_TYPE_CONVERTER && FLOW_NODE_TYPE_CONSTANT && FLOW_NODE_TYPE_BOOLEAN
 	default y
diff --git a/src/samples/flow/unix-socket/Kconfig b/src/samples/flow/unix-socket/Kconfig
index 16fa7ae6..f7ae9cee 100644
--- a/src/samples/flow/unix-socket/Kconfig
+++ b/src/samples/flow/unix-socket/Kconfig
@@ -1,4 +1,4 @@
 config FLOW_UNIX_SOCKET_SAMPLE
 	bool
-	depends on FLOW_FBP_GENERATOR_SAMPLES && FLOW_NODE_TYPE_UNIX_SOCKET && FLOW_NODE_TYPE_KEYBOARD
+	depends on FLOW_FBP_GENERATOR_SAMPLES && FLOW_NODE_TYPE_UNIX_SOCKET && FLOW_NODE_TYPE_KEYBOARD && FLOW_NODE_TYPE_CONSOLE && FLOW_NODE_TYPE_CONVERTER && FLOW_NODE_TYPE_TIMER && FLOW_NODE_TYPE_INT && FLOW_NOTE_TYPE_CONSTANT
 	default y
diff --git a/src/samples/flow/update/Kconfig b/src/samples/flow/update/Kconfig
index 9827b90b..d4daf766 100644
--- a/src/samples/flow/update/Kconfig
+++ b/src/samples/flow/update/Kconfig
@@ -1,4 +1,4 @@
 config FLOW_UPDATE_SAMPLE
 	bool
-	depends on FLOW_FBP_GENERATOR_SAMPLES && FLOW_NODE_TYPE_UPDATE && FLOW_NODE_TYPE_TIMER && FLOW_NODE_TYPE_CONSOLE
+	depends on FLOW_FBP_GENERATOR_SAMPLES && FLOW_NODE_TYPE_UPDATE && FLOW_NODE_TYPE_TIMER && FLOW_NODE_TYPE_CONSOLE && FLOW_NODE_TYPE_CONSTANT && FLOW_NODE_TYPE_CONVERTER
 	default y
diff --git a/src/samples/mqtt/Kconfig b/src/samples/mqtt/Kconfig
index 2894b9ee..483a65bd 100644
--- a/src/samples/mqtt/Kconfig
+++ b/src/samples/mqtt/Kconfig
@@ -1,8 +1,9 @@
 config MQTT_SAMPLES
 	bool "MQTT samples"
+	depends on MQTT
 	default y
 
 config MQTT_PUBLISH_SUBSCRIBE_SAMPLES
 	bool "MQTT publish/subscribe samples"
-	depends on MQTT && MQTT_SAMPLES
+	depends on MQTT_SAMPLES
 	default y
diff --git a/src/samples/network/Kconfig b/src/samples/network/Kconfig
index 5141209f..1a74268a 100644
--- a/src/samples/network/Kconfig
+++ b/src/samples/network/Kconfig
@@ -1,8 +1,9 @@
 config NETWORK_SAMPLES
 	bool "Network samples"
+        depends on NETWORK
 	default y
 
 config NETWORK_STATUS_SAMPLE
 	bool "Network status"
-	depends on NETWORK_SAMPLES && NETWORK
+	depends on NETWORK_SAMPLES
 	default y