"2016-04-07 13:31:03 -0300"
diff --git a/src/samples/flow/misc/Kconfig b/src/samples/flow/misc/Kconfig
index 6094fe46..1688a0eb 100644
--- a/src/samples/flow/misc/Kconfig
+++ b/src/samples/flow/misc/Kconfig
@@ -3,11 +3,6 @@ config FLOW_MISC_FILE_COPY_SAMPLE
 	depends on FLOW_FBP_GENERATOR_SAMPLES && FLOW_NODE_TYPE_TIMER && FLOW_NODE_TYPE_CONSTANT && FLOW_NODE_TYPE_APP && FLOW_NODE_TYPE_CONSOLE && FLOW_NODE_TYPE_INT && FLOW_NODE_TYPE_FILEFLOW_NODE_TYPE_CONVERTER
 	default y
 
-config FLOW_MISC_FS_PERSISTENCE_SAMPLE
-	bool
-	depends on FLOW_FBP_GENERATOR_SAMPLES && FLOW_NODE_TYPE_FS
-	default y
-
 config FLOW_MISC_RANDOM_NUMBERS_SAMPLE
 	bool
 	depends on FLOW_FBP_GENERATOR_SAMPLES && FLOW_NODE_TYPE_TIMER && FLOW_NODE_TYPE_RANDOM && FLOW_NODE_TYPE_CONSOLE
diff --git a/src/samples/flow/misc/Makefile b/src/samples/flow/misc/Makefile
index 2094acb6..0485408f 100644
--- a/src/samples/flow/misc/Makefile
+++ b/src/samples/flow/misc/Makefile
@@ -1,9 +1,6 @@
 sample-$(FLOW_MISC_FILE_COPY_SAMPLE) += file-copy
 sample-file-copy-$(FLOW_MISC_FILE_COPY_SAMPLE) := file-copy.fbp
 
-sample-$(FLOW_MISC_FS_PERSISTENCE_SAMPLE) += fs-persistence
-sample-fs-persistence-$(FLOW_MISC_FS_PERSISTENCE_SAMPLE) := fs-persitence.fbp
-
 sample-$(FLOW_MISC_RANDOM_NUMBERS_SAMPLE) += random-numbers
 sample-random-numbers-$(FLOW_MISC_RANDOM_NUMBERS_SAMPLE) := random-numbers.fbp
 