"2020-10-20 12:35:53 +0200"
diff --git a/src/Kconfig b/src/Kconfig
index 61422ba..b01a68b 100644
--- a/src/Kconfig
+++ b/src/Kconfig
@@ -424,17 +424,6 @@ config STACK_DEPTH
 	  lists'' scans the TCB for these magic numbers and shows the
 	  currently used depth of each thread.
 
-config LIST_ALLOC_SANITY
-	bool "Sanity checks in low level allocator"
-	help
-	  When this option is enabled the low level memory allocator does
-	  extra sanity checks on its data structures before and after every
-	  operation. This can help detect flaws like double frees or memory
-	  corruption by other means.
-
-	  These tests are very expensive so only enable them if a problem
-	  with memory allocation is expected.
-
 config BEFORE_IRET_SANITY
 	bool "Sanity checks at syscall entry/exit"
 	depends on PF_PC
diff --git a/src/Modules.amd64 b/src/Modules.amd64
index 0fa43b2..f3ab7c3 100644
--- a/src/Modules.amd64
+++ b/src/Modules.amd64
@@ -11,7 +11,6 @@ PREPROCESS_PARTS 	+= arch $(CONFIG_ABI) 64bit iofp \
 			   auto_map_kip io realmode libuart
 
 PREPROCESS_PARTS-$(CONFIG_MP)                += mp
-PREPROCESS_PARTS-$(CONFIG_LIST_ALLOC_SANITY) += list_alloc_debug
 PREPROCESS_PARTS-$(CONFIG_JDB)               += debug log
 PREPROCESS_PARTS-$(CONFIG_SCHED_PIT)         += pit_timer
 PREPROCESS_PARTS-$(CONFIG_SCHED_RTC)         += rtc_timer
diff --git a/src/Modules.arm b/src/Modules.arm
index 6679753..e1edadb 100644
--- a/src/Modules.arm
+++ b/src/Modules.arm
@@ -19,7 +19,6 @@ PREPROCESS_PARTS += 32bit abs_syscalls
 BITS := 32
 endif
 
-PREPROCESS_PARTS-$(CONFIG_LIST_ALLOC_SANITY)  += list_alloc_debug
 PREPROCESS_PARTS-$(CONFIG_JDB)                += debug log
 PREPROCESS_PARTS-$(CONFIG_ARM_CACHE_L2CXX0)   += outer_cache outer_cache_l2cxx0
 
diff --git a/src/Modules.ia32 b/src/Modules.ia32
index 346251a..486cdc0 100644
--- a/src/Modules.ia32
+++ b/src/Modules.ia32
@@ -11,7 +11,6 @@ PREPROCESS_PARTS 	+= arch $(CONFIG_ABI) 32bit iofp \
 			   abs_syscalls auto_map_kip io realmode libuart
 
 PREPROCESS_PARTS-$(CONFIG_MP)                += mp
-PREPROCESS_PARTS-$(CONFIG_LIST_ALLOC_SANITY) += list_alloc_debug
 PREPROCESS_PARTS-$(CONFIG_JDB)               += debug log
 PREPROCESS_PARTS-$(CONFIG_SCHED_PIT)         += pit_timer
 PREPROCESS_PARTS-$(CONFIG_SCHED_RTC)         += rtc_timer
diff --git a/src/Modules.ux b/src/Modules.ux
index f7b832c..6b8352e 100644
--- a/src/Modules.ux
+++ b/src/Modules.ux
@@ -11,7 +11,6 @@ PREPROCESS_PARTS	+= arch $(CONFIG_ABI) 32bit $(CONFIG_XARCH)    \
                            kernel_can_exit
 
 PREPROCESS_PARTS-$(CONFIG_MP)                += mp
-PREPROCESS_PARTS-$(CONFIG_LIST_ALLOC_SANITY) += list_alloc_debug
 PREPROCESS_PARTS-$(CONFIG_JDB)               += debug log
 PREPROCESS_PARTS-$(CONFIG_PERF_CNT)          += perf_cnt
 PREPROCESS_PARTS-$(CONFIG_CONTEXT_4K)        += context_4k
diff --git a/src/kern/ia32/config-ia32.cpp b/src/kern/ia32/config-ia32.cpp
index 33e4e6f..537d64b 100644
--- a/src/kern/ia32/config-ia32.cpp
+++ b/src/kern/ia32/config-ia32.cpp
@@ -133,9 +133,6 @@ const char *const Config::kernel_warn_config_string =
 #ifndef CONFIG_NO_FRAME_PTR
   "  CONFIG_NO_FRAME_PTR is off\n"
 #endif
-#ifdef CONFIG_LIST_ALLOC_SANITY
-  "  CONFIG_LIST_ALLOC_SANITY is on\n"
-#endif
 #ifdef CONFIG_BEFORE_IRET_SANITY
   "  CONFIG_BEFORE_IRET_SANITY is on\n"
 #endif
diff --git a/src/templates/globalconfig.out.ia32-big b/src/templates/globalconfig.out.ia32-big
index 8d5b835..b2bf3db 100644
--- a/src/templates/globalconfig.out.ia32-big
+++ b/src/templates/globalconfig.out.ia32-big
@@ -3,7 +3,6 @@ CONFIG_WORKAROUND_AMD_FPU_LEAK=y
 CONFIG_SYNC_TSC=y
 CONFIG_SCHED_FP_WFQ=y
 CONFIG_STACK_DEPTH=y
-CONFIG_LIST_ALLOC_SANITY=y
 CONFIG_JDB_ACCOUNTING=y
 CONFIG_JDB_MISC=y
 CONFIG_EXPERIMENTAL=y