"2015-10-28 13:57:25 -0200"
diff --git a/src/bin/sol-fbp-generator/Kconfig b/src/bin/sol-fbp-generator/Kconfig
index f0520577..b4339846 100644
--- a/src/bin/sol-fbp-generator/Kconfig
+++ b/src/bin/sol-fbp-generator/Kconfig
@@ -1,4 +1,4 @@
 config FBP_GENERATOR
 	bool "fbp generator"
-	depends on FLOW
+	depends on FLOW_SUPPORT
 	default y
diff --git a/src/samples/flow/c-api/Kconfig b/src/samples/flow/c-api/Kconfig
index 1be60573..c9c7cf03 100644
--- a/src/samples/flow/c-api/Kconfig
+++ b/src/samples/flow/c-api/Kconfig
@@ -1,19 +1,19 @@
 config FLOW_C_API_CUSTOM_NODE_TYPES_SAMPLE
 	bool
-	depends on FLOW
+	depends on FLOW_SUPPORT
 	default y
 
 config FLOW_C_API_HIGHLEVEL_SAMPLE
 	bool
-	depends on FLOW
+	depends on FLOW_SUPPORT
 	default y
 
 config FLOW_C_API_LOWLEVEL_SAMPLE
 	bool
-	depends on FLOW
+	depends on FLOW_SUPPORT
 	default y
 
 config FLOW_C_API_SIMPLECTYPE_SAMPLE
 	bool
-	depends on FLOW
+	depends on FLOW_SUPPORT
 	default y