"2004-05-07 06:52:18 +0000"
diff --git a/extra/Configs/Config.frv b/extra/Configs/Config.frv
index 1210ad92f..52800c1e9 100644
--- a/extra/Configs/Config.frv
+++ b/extra/Configs/Config.frv
@@ -27,6 +27,3 @@ config HAVE_DOT_HIDDEN
         bool
 	default y
 
-config UCLIBC_COMPLETELY_PIC
-        bool
-	default y
diff --git a/extra/Configs/Config.frv.default b/extra/Configs/Config.frv.default
index 4fd945d6d..eba75fe70 100644
--- a/extra/Configs/Config.frv.default
+++ b/extra/Configs/Config.frv.default
@@ -23,7 +23,6 @@ TARGET_frv=y
 HAVE_ELF=y
 TARGET_ARCH="frv"
 HAVE_DOT_HIDDEN=y
-UCLIBC_COMPLETELY_PIC=y
 # ARCH_LITTLE_ENDIAN is not set
 # ARCH_BIG_ENDIAN is not set
 ARCH_HAS_NO_MMU=y
diff --git a/extra/Configs/Config.in b/extra/Configs/Config.in
index 81dc50482..b61a1ebfd 100644
--- a/extra/Configs/Config.in
+++ b/extra/Configs/Config.in
@@ -171,7 +171,7 @@ config BUILD_UCLIBC_LDSO
 
 config FORCE_SHAREABLE_TEXT_SEGMENTS
 	bool "Only load shared libraries which can share their text segment"
-	depends on BUILD_UCLIBC_LDSO && UCLIBC_COMPLETELY_PIC
+	depends on BUILD_UCLIBC_LDSO
 	default n
 	help
 	  If you answer Y here, the uClibc native shared library loader will