"2015-11-17 11:53:12 -0200"
diff --git a/Kconfig b/Kconfig
index b06e825f..ceef6d0e 100644
--- a/Kconfig
+++ b/Kconfig
@@ -189,6 +189,8 @@ source "src/samples/flow/io/Kconfig"
 source "src/samples/flow/grove-kit/Kconfig"
 source "src/samples/flow/grove-kit/lcd/Kconfig"
 source "src/samples/flow/gtk-gallery/Kconfig"
+source "src/samples/flow/http-client/Kconfig"
+source "src/samples/flow/http-json/Kconfig"
 source "src/samples/flow/http-server/Kconfig"
 source "src/samples/flow/led-strip/Kconfig"
 source "src/samples/flow/minnow-calamari/Kconfig"
diff --git a/src/samples/flow/http-client/Kconfig b/src/samples/flow/http-client/Kconfig
new file mode 100644
index 00000000..66ce5405
--- /dev/null
+++ b/src/samples/flow/http-client/Kconfig
@@ -0,0 +1,4 @@
+config FLOW_HTTP_CLIENT_SAMPLE
+	bool
+	depends on FLOW_FBP_GENERATOR_SAMPLES && FLOW_NODE_TYPE_HTTP_CLIENT
+	default y
diff --git a/src/samples/flow/http-client/Makefile b/src/samples/flow/http-client/Makefile
new file mode 100644
index 00000000..a3ad376f
--- /dev/null
+++ b/src/samples/flow/http-client/Makefile
@@ -0,0 +1,9 @@
+sample-$(FLOW_HTTP_CLIENT_SAMPLE) += \
+	client-generic \
+	request
+
+sample-client-generic-$(FLOW_HTTP_CLIENT_SAMPLE) := \
+	http-client-generic.fbp
+
+sample-request-$(FLOW_HTTP_CLIENT_SAMPLE) := \
+	http-request.fbp
diff --git a/src/samples/flow/http-json/Kconfig b/src/samples/flow/http-json/Kconfig
new file mode 100644
index 00000000..1c80b5fc
--- /dev/null
+++ b/src/samples/flow/http-json/Kconfig
@@ -0,0 +1,4 @@
+config FLOW_HTTP_JSON_SAMPLE
+	bool
+	depends on FLOW_FBP_GENERATOR_SAMPLES && FLOW_NODE_TYPE_HTTP_CLIENT && FLOW_NODE_TYPE_JSON
+	default y
diff --git a/src/samples/flow/http-json/Makefile b/src/samples/flow/http-json/Makefile
new file mode 100644
index 00000000..0f41f1cc
--- /dev/null
+++ b/src/samples/flow/http-json/Makefile
@@ -0,0 +1,21 @@
+sample-$(FLOW_HTTP_JSON_SAMPLE) += \
+	openweathermap \
+	temboo_weather \
+	temperature_display \
+	weather_from_location \
+	yahoo_weather
+
+sample-openweathermap-$(FLOW_HTTP_JSON_SAMPLE) := \
+	openweathermap.fbp
+
+sample-temboo_weather-$(FLOW_HTTP_JSON_SAMPLE) := \
+	temboo_weather.fbp
+
+sample-temperature_display-$(FLOW_HTTP_JSON_SAMPLE) := \
+	temperature_display.fbp
+
+sample-weather_from_location-$(FLOW_HTTP_JSON_SAMPLE) := \
+	weather_from_location.fbp
+
+sample-yahoo_weather-$(FLOW_HTTP_JSON_SAMPLE) := \
+	yahoo_weather.fbp
diff --git a/src/samples/flow/http-json/openweathermap.fbp b/src/samples/flow/http-json/openweathermap.fbp
old mode 100644
new mode 100755
diff --git a/src/samples/flow/http-json/temboo_weather.fbp b/src/samples/flow/http-json/temboo_weather.fbp
old mode 100644
new mode 100755
diff --git a/src/samples/flow/http-json/temperature_display.fbp b/src/samples/flow/http-json/temperature_display.fbp
old mode 100644
new mode 100755
diff --git a/src/samples/flow/http-json/yahoo_weather.fbp b/src/samples/flow/http-json/yahoo_weather.fbp
old mode 100644
new mode 100755