"2005-09-18 04:43:32 +0000"
diff --git a/miscutils/Config.in b/miscutils/Config.in
index a1048804f..f07ca36b3 100644
--- a/miscutils/Config.in
+++ b/miscutils/Config.in
@@ -12,6 +12,13 @@ config CONFIG_ADJTIMEX
 	  Adjtimex reads and optionally sets adjustment parameters for
 	  the Linux clock adjustment algorithm.
 
+config CONFIG_BBCONFIG
+	bool "bbconfig"
+	default n
+	help
+	  The bbconfig applet will print the config file with which
+	  busybox was built.
+
 config CONFIG_CROND
 	bool "crond"
 	default n
@@ -34,13 +41,6 @@ config CONFIG_FEATURE_CROND_CALL_SENDMAIL
 	help
 	  Support calling /usr/sbin/sendmail for send cmd outputs.
 
-config CONFIG_BBCONFIG
-	bool "bbconfig"
-	default n
-	help
-	  The bbconfig applet will print the config file with which
-	  busybox was built.
-
 config CONFIG_CRONTAB
 	bool "crontab"
 	default n