"2016-01-06 23:54:29 +0100"
diff --git a/extra/Configs/Config.in b/extra/Configs/Config.in
index cdd494216..25b512677 100644
--- a/extra/Configs/Config.in
+++ b/extra/Configs/Config.in
@@ -1042,8 +1042,9 @@ config UCLIBC_LINUX_SPECIFIC
 	  sched_getaffinity(), sched_setaffinity(), sendfile(),
 	  setfsgid(), setfsuid(), setresgid(), setresuid(),
 	  splice(), vmsplice(), tee(), signalfd(), statfs(),
-	  swapoff(), swapon(), sync_file_range(), _sysctl(),
-	  sysinfo(), timerfd_*(), vhangup(), umount(), umount2()
+	  swapoff(), swapon(), sync_file_range(), syncfs(),
+	  _sysctl(), sysinfo(), timerfd_*(), vhangup(), umount(),
+	  umount2()
 
 config UCLIBC_HAS_GNU_ERROR
 	bool "Support GNU extensions for error-reporting"
diff --git a/libc/sysdeps/linux/common/Makefile.in b/libc/sysdeps/linux/common/Makefile.in
index ade0ac3e2..887dc3d62 100644
--- a/libc/sysdeps/linux/common/Makefile.in
+++ b/libc/sysdeps/linux/common/Makefile.in
@@ -56,6 +56,7 @@ CSRC-$(UCLIBC_LINUX_SPECIFIC) += \
 	swapoff.c \
 	swapon.c \
 	sync_file_range.c \
+	syncfs.c \
 	sysctl.c \
 	sysinfo.c \
 	tee.c \