"2015-10-28 11:07:22 -0200"
diff --git a/src/samples/flow/c-api/Kconfig b/src/samples/flow/c-api/Kconfig
index a8c66480..1be60573 100644
--- a/src/samples/flow/c-api/Kconfig
+++ b/src/samples/flow/c-api/Kconfig
@@ -1,15 +1,19 @@
 config FLOW_C_API_CUSTOM_NODE_TYPES_SAMPLE
 	bool
+	depends on FLOW
 	default y
 
 config FLOW_C_API_HIGHLEVEL_SAMPLE
 	bool
+	depends on FLOW
 	default y
 
 config FLOW_C_API_LOWLEVEL_SAMPLE
 	bool
+	depends on FLOW
 	default y
 
 config FLOW_C_API_SIMPLECTYPE_SAMPLE
 	bool
+	depends on FLOW
 	default y