"2015-09-30 20:13:26 -0300"
diff --git a/src/lib/io/Kconfig b/src/lib/io/Kconfig
index 1dcfda9f..026bc6cf 100644
--- a/src/lib/io/Kconfig
+++ b/src/lib/io/Kconfig
@@ -28,6 +28,11 @@ config USE_GPIO
     depends on FEATURE_HW_GPIO
     default y
 
+config USE_IIO
+    bool "Linux Industrial I/O Support"
+    depends on LINUX
+    default y
+
 menuconfig USE_PIN_MUX
     bool "Pin Multiplexer"
     depends on LINUX && USE_GPIO
@@ -49,11 +54,6 @@ menuconfig USE_PIN_MUX
 
           If unsure, say Y.
 
-config USE_IIO
-    bool "Linux Industrial I/O Support"
-    depends on LINUX
-    default y
-
 source "src/modules/pin-mux/intel-galileo-rev-d/Kconfig"
 source "src/modules/pin-mux/intel-galileo-rev-g/Kconfig"
 source "src/modules/pin-mux/intel-edison-rev-c/Kconfig"