"2016-06-27 14:59:46 -0300"
diff --git a/src/samples/flow/misc/Kconfig b/src/samples/flow/misc/Kconfig
index ba65c7dd..c0d5e206 100644
--- a/src/samples/flow/misc/Kconfig
+++ b/src/samples/flow/misc/Kconfig
@@ -37,3 +37,8 @@ config FLOW_MISC_CHANGE_LOCALE_SAMPLE
 	bool
 	depends on FLOW_FBP_GENERATOR_SAMPLES && FLOW_NODE_TYPE_CONSTANT && FLOW_NODE_TYPE_STRING && FLOW_NODE_TYPE_APP && FLOW_NODE_TYPE_PLATFORM && FLOW_NODE_TYPE_CONSOLE
 	default y
+
+config FLOW_MISC_EVDEV_SAMPLE
+	bool
+	depends on FLOW_FBP_GENERATOR_SAMPLES && FLOW_NODE_TYPE_EVDEV && FLOW_NODE_TYPE_CONSOLE
+	default y
diff --git a/src/samples/flow/misc/Makefile b/src/samples/flow/misc/Makefile
index ec07d14e..fd75ad2e 100644
--- a/src/samples/flow/misc/Makefile
+++ b/src/samples/flow/misc/Makefile
@@ -21,3 +21,6 @@ sample-change_locale-$(FLOW_MISC_CHANGE_LOCALE_SAMPLE) := change_locale.fbp
 
 sample-$(FLOW_MISC_PERSISTENCE_SAMPLE) += persistence
 sample-persistence-$(FLOW_MISC_PERSISTENCE_SAMPLE) := persistence.fbp
+
+sample-$(FLOW_MISC_EVDEV_SAMPLE) += evdev
+sample-evdev-$(FLOW_MISC_EVDEV_SAMPLE) := evdev.fbp
diff --git a/src/samples/flow/misc/evdev.fbp b/src/samples/flow/misc/evdev.fbp
new file mode 100755
index 00000000..67a15fe0
--- /dev/null
+++ b/src/samples/flow/misc/evdev.fbp
@@ -0,0 +1,26 @@
+#!/usr/bin/env sol-fbp-runner
+
+# This file is part of the Soletta Project
+#
+# Copyright (C) 2016 Intel Corporation. All rights reserved.
+#
+# Licensed under the Apache License, Version 2.0 (the "License");
+# you may not use this file except in compliance with the License.
+# You may obtain a copy of the License at
+#
+#     http://www.apache.org/licenses/LICENSE-2.0
+#
+# Unless required by applicable law or agreed to in writing, software
+# distributed under the License is distributed on an "AS IS" BASIS,
+# WITHOUT WARRANTIES OR CONDITIONS OF ANY KIND, either express or implied.
+# See the License for the specific language governing permissions and
+# limitations under the License.
+
+# This example prints the state of key "ESC" on the console.
+# Path and codes may vary depending on platform.
+# You may use evtest to check for these values.
+# If you're running this sample in your development machine you
+# may need to run it as root.
+
+event(evdev/boolean:path="/dev/input/event8",ev_code=1)
+event OUT -> IN state(console)