"2012-02-23 21:03:18 -0600"
diff --git a/Config.in b/Config.in
index fffd2870..7378fbcc 100644
--- a/Config.in
+++ b/Config.in
@@ -44,6 +44,8 @@ config TOYBOX_DEBUG
 
 endmenu
 
+source generated/Config.probed
+
 menu "Toys"
 source generated/Config.in
 endmenu
diff --git a/scripts/genconfig.sh b/scripts/genconfig.sh
index 30c7eba1..4ecff254 100755
--- a/scripts/genconfig.sh
+++ b/scripts/genconfig.sh
@@ -8,7 +8,7 @@ OUTFILE=generated/Config.in
 
 source configure
 
-genconfig()
+probeconfig()
 {
   # Probe for container support on target
 
@@ -19,7 +19,9 @@ genconfig()
 EOF
   [ $? -eq 0 ] && DEFAULT=y || DEFAULT=n
   echo -e "\tdefault $DEFAULT\n" || return 1
-
+}
+genconfig()
+{
   # extract config stanzas from each command source file, in alphabetical order
 
   for i in $(ls -1 toys/*.c)
@@ -31,4 +33,5 @@ EOF
   done
 }
 
-genconfig > generated/Config.in || rm "$OUTFILE"
+probeconfig > generated/Config.probed || rm generated/Config.probed
+genconfig > generated/Config.in || rm generated/Config.in