src/kern/arm/bsp/virt/Kconfig
src/kern/mips/bsp/ci20/Kconfig
src/kern/arm/bsp/sa1100/Kconfig
src/kern/mips/bsp/ci40/Kconfig
src/kern/arm/bsp/zynq/Kconfig
src/kern/arm/bsp/imx/Kconfig
src/kern/ppc32/Kconfig
src/kern/arm/bsp/tegra/Kconfig
src/Kconfig
src/kern/arm/Kconfig
src/kern/arm/bsp/sunxi/Kconfig
src/kern/sparc/Kconfig
src/kern/ppc32/bsp/qemu/Kconfig
src/kern/arm/bsp/exynos/Kconfig
src/kern/arm/bsp/integrator/Kconfig
src/kern/mips/bsp/sead3/Kconfig
src/kern/ppc32/bsp/mpc52xx/Kconfig
src/kern/arm/bsp/realview/Kconfig
src/kern/arm/bsp/layerscape/Kconfig
src/kern/mips/bsp/boston/Kconfig
src/kern/arm/bsp/bcm283x/Kconfig
src/kern/arm/bsp/omap/Kconfig
src/kern/arm/bsp/kirkwood/Kconfig
src/kern/arm/bsp/rcar3/Kconfig
src/kern/arm/bsp/rpi/Kconfig
src/kern/sparc/bsp/leon3/Kconfig
src/kern/mips/bsp/baikal/Kconfig
src/kern/arm/bsp/pxa/Kconfig
src/kern/mips/Kconfig
src/kern/arm/bsp/armada38x/Kconfig
src/kern/arm/bsp/ls1021a/Kconfig
src/kern/arm/bsp/s3c/Kconfig
src/kern/arm/bsp/zynqmp/Kconfig
src/kern/arm/bsp/armada37xx/Kconfig
src/kern/arm/bsp/bcm2835/Kconfig
src/kern/mips/bsp/malta/Kconfig
