"2010-06-04 20:10:51 +0200"
diff --git a/applets/Kbuild b/applets/Kbuild.src
similarity index 100%
rename from applets/Kbuild
rename to applets/Kbuild.src
diff --git a/archival/Config.in b/archival/Config.src
similarity index 100%
rename from archival/Config.in
rename to archival/Config.src
diff --git a/archival/Kbuild b/archival/Kbuild.src
similarity index 100%
rename from archival/Kbuild
rename to archival/Kbuild.src
diff --git a/archival/libunarchive/Kbuild b/archival/libunarchive/Kbuild.src
similarity index 100%
rename from archival/libunarchive/Kbuild
rename to archival/libunarchive/Kbuild.src
diff --git a/console-tools/Config.in b/console-tools/Config.src
similarity index 100%
rename from console-tools/Config.in
rename to console-tools/Config.src
diff --git a/console-tools/Kbuild b/console-tools/Kbuild.src
similarity index 100%
rename from console-tools/Kbuild
rename to console-tools/Kbuild.src
diff --git a/coreutils/libcoreutils/Kbuild b/coreutils/libcoreutils/Kbuild.src
similarity index 100%
rename from coreutils/libcoreutils/Kbuild
rename to coreutils/libcoreutils/Kbuild.src
diff --git a/debianutils/Config.in b/debianutils/Config.src
similarity index 100%
rename from debianutils/Config.in
rename to debianutils/Config.src
diff --git a/debianutils/Kbuild b/debianutils/Kbuild.src
similarity index 100%
rename from debianutils/Kbuild
rename to debianutils/Kbuild.src
diff --git a/e2fsprogs/Config.in b/e2fsprogs/Config.src
similarity index 100%
rename from e2fsprogs/Config.in
rename to e2fsprogs/Config.src
diff --git a/e2fsprogs/Kbuild b/e2fsprogs/Kbuild.src
similarity index 100%
rename from e2fsprogs/Kbuild
rename to e2fsprogs/Kbuild.src
diff --git a/e2fsprogs/old_e2fsprogs/Config.in b/e2fsprogs/old_e2fsprogs/Config.src
similarity index 100%
rename from e2fsprogs/old_e2fsprogs/Config.in
rename to e2fsprogs/old_e2fsprogs/Config.src
diff --git a/e2fsprogs/old_e2fsprogs/Kbuild b/e2fsprogs/old_e2fsprogs/Kbuild.src
similarity index 100%
rename from e2fsprogs/old_e2fsprogs/Kbuild
rename to e2fsprogs/old_e2fsprogs/Kbuild.src
diff --git a/e2fsprogs/old_e2fsprogs/blkid/Kbuild b/e2fsprogs/old_e2fsprogs/blkid/Kbuild.src
similarity index 100%
rename from e2fsprogs/old_e2fsprogs/blkid/Kbuild
rename to e2fsprogs/old_e2fsprogs/blkid/Kbuild.src
diff --git a/e2fsprogs/old_e2fsprogs/e2p/Kbuild b/e2fsprogs/old_e2fsprogs/e2p/Kbuild.src
similarity index 100%
rename from e2fsprogs/old_e2fsprogs/e2p/Kbuild
rename to e2fsprogs/old_e2fsprogs/e2p/Kbuild.src
diff --git a/e2fsprogs/old_e2fsprogs/ext2fs/Kbuild b/e2fsprogs/old_e2fsprogs/ext2fs/Kbuild.src
similarity index 100%
rename from e2fsprogs/old_e2fsprogs/ext2fs/Kbuild
rename to e2fsprogs/old_e2fsprogs/ext2fs/Kbuild.src
diff --git a/e2fsprogs/old_e2fsprogs/uuid/Kbuild b/e2fsprogs/old_e2fsprogs/uuid/Kbuild.src
similarity index 100%
rename from e2fsprogs/old_e2fsprogs/uuid/Kbuild
rename to e2fsprogs/old_e2fsprogs/uuid/Kbuild.src
diff --git a/editors/Config.in b/editors/Config.src
similarity index 100%
rename from editors/Config.in
rename to editors/Config.src
diff --git a/editors/Kbuild b/editors/Kbuild.src
similarity index 100%
rename from editors/Kbuild
rename to editors/Kbuild.src
diff --git a/init/Config.in b/init/Config.src
similarity index 100%
rename from init/Config.in
rename to init/Config.src
diff --git a/init/Kbuild b/init/Kbuild.src
similarity index 100%
rename from init/Kbuild
rename to init/Kbuild.src
diff --git a/libbb/Config.in b/libbb/Config.src
similarity index 100%
rename from libbb/Config.in
rename to libbb/Config.src
diff --git a/libbb/Kbuild b/libbb/Kbuild.src
similarity index 100%
rename from libbb/Kbuild
rename to libbb/Kbuild.src
diff --git a/libpwdgrp/Kbuild b/libpwdgrp/Kbuild.src
similarity index 100%
rename from libpwdgrp/Kbuild
rename to libpwdgrp/Kbuild.src
diff --git a/loginutils/Config.in b/loginutils/Config.src
similarity index 100%
rename from loginutils/Config.in
rename to loginutils/Config.src
diff --git a/loginutils/Kbuild b/loginutils/Kbuild.src
similarity index 100%
rename from loginutils/Kbuild
rename to loginutils/Kbuild.src
diff --git a/mailutils/Config.in b/mailutils/Config.src
similarity index 100%
rename from mailutils/Config.in
rename to mailutils/Config.src
diff --git a/mailutils/Kbuild b/mailutils/Kbuild.src
similarity index 100%
rename from mailutils/Kbuild
rename to mailutils/Kbuild.src
diff --git a/miscutils/Config.in b/miscutils/Config.src
similarity index 100%
rename from miscutils/Config.in
rename to miscutils/Config.src
diff --git a/miscutils/Kbuild b/miscutils/Kbuild.src
similarity index 100%
rename from miscutils/Kbuild
rename to miscutils/Kbuild.src
diff --git a/modutils/Config.in b/modutils/Config.src
similarity index 100%
rename from modutils/Config.in
rename to modutils/Config.src
diff --git a/modutils/Kbuild b/modutils/Kbuild.src
similarity index 100%
rename from modutils/Kbuild
rename to modutils/Kbuild.src
diff --git a/networking/Config.in b/networking/Config.src
similarity index 100%
rename from networking/Config.in
rename to networking/Config.src
diff --git a/networking/Kbuild b/networking/Kbuild.src
similarity index 100%
rename from networking/Kbuild
rename to networking/Kbuild.src
diff --git a/networking/libiproute/Kbuild b/networking/libiproute/Kbuild.src
similarity index 100%
rename from networking/libiproute/Kbuild
rename to networking/libiproute/Kbuild.src
diff --git a/networking/udhcp/Config.in b/networking/udhcp/Config.src
similarity index 100%
rename from networking/udhcp/Config.in
rename to networking/udhcp/Config.src
diff --git a/networking/udhcp/Kbuild b/networking/udhcp/Kbuild.src
similarity index 100%
rename from networking/udhcp/Kbuild
rename to networking/udhcp/Kbuild.src
diff --git a/printutils/Config.in b/printutils/Config.src
similarity index 100%
rename from printutils/Config.in
rename to printutils/Config.src
diff --git a/printutils/Kbuild b/printutils/Kbuild.src
similarity index 100%
rename from printutils/Kbuild
rename to printutils/Kbuild.src
diff --git a/procps/Config.in b/procps/Config.src
similarity index 100%
rename from procps/Config.in
rename to procps/Config.src
diff --git a/procps/Kbuild b/procps/Kbuild.src
similarity index 100%
rename from procps/Kbuild
rename to procps/Kbuild.src
diff --git a/runit/Config.in b/runit/Config.src
similarity index 100%
rename from runit/Config.in
rename to runit/Config.src
diff --git a/runit/Kbuild b/runit/Kbuild.src
similarity index 100%
rename from runit/Kbuild
rename to runit/Kbuild.src
diff --git a/scripts/Kbuild b/scripts/Kbuild.src
similarity index 100%
rename from scripts/Kbuild
rename to scripts/Kbuild.src
diff --git a/selinux/Config.in b/selinux/Config.src
similarity index 100%
rename from selinux/Config.in
rename to selinux/Config.src
diff --git a/selinux/Kbuild b/selinux/Kbuild.src
similarity index 100%
rename from selinux/Kbuild
rename to selinux/Kbuild.src
diff --git a/shell/Config.in b/shell/Config.src
similarity index 100%
rename from shell/Config.in
rename to shell/Config.src
diff --git a/shell/Kbuild b/shell/Kbuild.src
similarity index 100%
rename from shell/Kbuild
rename to shell/Kbuild.src
diff --git a/sysklogd/Config.in b/sysklogd/Config.src
similarity index 100%
rename from sysklogd/Config.in
rename to sysklogd/Config.src
diff --git a/sysklogd/Kbuild b/sysklogd/Kbuild.src
similarity index 100%
rename from sysklogd/Kbuild
rename to sysklogd/Kbuild.src
diff --git a/util-linux/Config.in b/util-linux/Config.src
similarity index 100%
rename from util-linux/Config.in
rename to util-linux/Config.src
diff --git a/util-linux/Kbuild b/util-linux/Kbuild.src
similarity index 100%
rename from util-linux/Kbuild
rename to util-linux/Kbuild.src
diff --git a/util-linux/volume_id/Kbuild b/util-linux/volume_id/Kbuild.src
similarity index 100%
rename from util-linux/volume_id/Kbuild
rename to util-linux/volume_id/Kbuild.src