"2015-06-30 17:33:39 -0300"
diff --git a/Kconfig b/Kconfig
index 6aa144f7..c39feac8 100644
--- a/Kconfig
+++ b/Kconfig
@@ -26,46 +26,6 @@ source "src/lib/coap/Kconfig"
 source "src/shared/Kconfig"
 endmenu
 
-menu "Node types"
-source "src/modules/flow/accelerometer/Kconfig"
-source "src/modules/flow/aio/Kconfig"
-source "src/modules/flow/app/Kconfig"
-source "src/modules/flow/boolean/Kconfig"
-source "src/modules/flow/byte/Kconfig"
-source "src/modules/flow/calamari/Kconfig"
-source "src/modules/flow/color/Kconfig"
-source "src/modules/flow/console/Kconfig"
-source "src/modules/flow/constant/Kconfig"
-source "src/modules/flow/converter/Kconfig"
-source "src/modules/flow/evdev/Kconfig"
-source "src/modules/flow/file/Kconfig"
-source "src/modules/flow/filter-repeated/Kconfig"
-source "src/modules/flow/float/Kconfig"
-source "src/modules/flow/fs/Kconfig"
-source "src/modules/flow/gpio/Kconfig"
-source "src/modules/flow/grove/Kconfig"
-source "src/modules/flow/gtk/Kconfig"
-source "src/modules/flow/gyroscope/Kconfig"
-source "src/modules/flow/hub/Kconfig"
-source "src/modules/flow/int/Kconfig"
-source "src/modules/flow/keyboard/Kconfig"
-source "src/modules/flow/network/Kconfig"
-source "src/modules/flow/oic/Kconfig"
-source "src/modules/flow/piezo-speaker/Kconfig"
-source "src/modules/flow/platform/Kconfig"
-source "src/modules/flow/process/Kconfig"
-source "src/modules/flow/pwm/Kconfig"
-source "src/modules/flow/random/Kconfig"
-source "src/modules/flow/servo-motor/Kconfig"
-source "src/modules/flow/string/Kconfig"
-source "src/modules/flow/test/Kconfig"
-source "src/modules/flow/timer/Kconfig"
-source "src/modules/flow/trigonometry/Kconfig"
-source "src/modules/flow/udev/Kconfig"
-source "src/modules/flow/unix-socket/Kconfig"
-source "src/modules/flow/wallclock/Kconfig"
-endmenu
-
 menuconfig LINUX_MICRO
        bool "Linux micro"
        depends on PLATFORM_LINUX_MICRO
diff --git a/src/lib/flow/Kconfig b/src/lib/flow/Kconfig
index ef7c62db..1510822d 100644
--- a/src/lib/flow/Kconfig
+++ b/src/lib/flow/Kconfig
@@ -11,3 +11,44 @@ config FLOW_RESOLVER
 	bool "Flow resolver"
 	depends on FLOW
 	default y
+
+menu "Node Types"
+	depends on FLOW
+source "src/modules/flow/accelerometer/Kconfig"
+source "src/modules/flow/aio/Kconfig"
+source "src/modules/flow/app/Kconfig"
+source "src/modules/flow/boolean/Kconfig"
+source "src/modules/flow/byte/Kconfig"
+source "src/modules/flow/calamari/Kconfig"
+source "src/modules/flow/color/Kconfig"
+source "src/modules/flow/console/Kconfig"
+source "src/modules/flow/constant/Kconfig"
+source "src/modules/flow/converter/Kconfig"
+source "src/modules/flow/evdev/Kconfig"
+source "src/modules/flow/file/Kconfig"
+source "src/modules/flow/filter-repeated/Kconfig"
+source "src/modules/flow/float/Kconfig"
+source "src/modules/flow/fs/Kconfig"
+source "src/modules/flow/gpio/Kconfig"
+source "src/modules/flow/grove/Kconfig"
+source "src/modules/flow/gtk/Kconfig"
+source "src/modules/flow/gyroscope/Kconfig"
+source "src/modules/flow/hub/Kconfig"
+source "src/modules/flow/int/Kconfig"
+source "src/modules/flow/keyboard/Kconfig"
+source "src/modules/flow/network/Kconfig"
+source "src/modules/flow/oic/Kconfig"
+source "src/modules/flow/piezo-speaker/Kconfig"
+source "src/modules/flow/platform/Kconfig"
+source "src/modules/flow/process/Kconfig"
+source "src/modules/flow/pwm/Kconfig"
+source "src/modules/flow/random/Kconfig"
+source "src/modules/flow/servo-motor/Kconfig"
+source "src/modules/flow/string/Kconfig"
+source "src/modules/flow/test/Kconfig"
+source "src/modules/flow/timer/Kconfig"
+source "src/modules/flow/trigonometry/Kconfig"
+source "src/modules/flow/udev/Kconfig"
+source "src/modules/flow/unix-socket/Kconfig"
+source "src/modules/flow/wallclock/Kconfig"
+endmenu