"2015-06-30 17:33:39 -0300"
diff --git a/Kconfig b/Kconfig
index 0ee0972a..671569ef 100644
--- a/Kconfig
+++ b/Kconfig
@@ -84,10 +84,6 @@ source "src/modules/linux-micro/sysctl/Kconfig"
 source "src/modules/linux-micro/watchdog/Kconfig"
 endmenu
 
-menu "Pin mux"
-source "src/modules/pin-mux/intel-galileo-rev-g/Kconfig"
-endmenu
-
 menu "Tools"
 source "src/bin/sol-fbp-generator/Kconfig"
 source "src/bin/sol-fbp-runner/Kconfig"
diff --git a/src/lib/common/Kconfig b/src/lib/common/Kconfig
index 213167d4..7de82ce9 100644
--- a/src/lib/common/Kconfig
+++ b/src/lib/common/Kconfig
@@ -94,3 +94,15 @@ config SOCKET_LINUX
 	bool "Linux sockets"
 	depends on SOL_PLATFORM_LINUX
 	default y
+
+menuconfig HAVE_PIN_MUX
+        bool "Pin Multiplexer"
+        default n
+        help
+          Pin Multiplexer is a feature that helps to setup
+          physical pins shared by more than one feature in
+          some platforms.
+
+          If unsure, say N.
+
+source "src/modules/pin-mux/intel-galileo-rev-g/Kconfig"
diff --git a/src/modules/pin-mux/intel-galileo-rev-g/Kconfig b/src/modules/pin-mux/intel-galileo-rev-g/Kconfig
index ee19d0e3..82101f13 100644
--- a/src/modules/pin-mux/intel-galileo-rev-g/Kconfig
+++ b/src/modules/pin-mux/intel-galileo-rev-g/Kconfig
@@ -1,3 +1,4 @@
 config PIN_MUX_INTEL_GALILEO_REV_G
-	tristate "intel galileo rev g"
-	default m
\ No newline at end of file
+        tristate "Intel Galileo Gen 2 (Rev G)"
+        depends on HAVE_PIN_MUX
+        default n