"2015-09-16 12:28:33 -0300"
diff --git a/Kconfig b/Kconfig
index c2f2e11a..1f4d6159 100644
--- a/Kconfig
+++ b/Kconfig
@@ -164,6 +164,7 @@ source "src/samples/flow/io/Kconfig"
 source "src/samples/flow/galileo-grove-kit/Kconfig"
 source "src/samples/flow/galileo-grove-kit/lcd/Kconfig"
 source "src/samples/flow/gtk-gallery/Kconfig"
+source "src/samples/flow/http-server/Kconfig"
 source "src/samples/flow/led-strip/Kconfig"
 source "src/samples/flow/minnow-calamari/Kconfig"
 source "src/samples/flow/misc/Kconfig"
diff --git a/src/samples/flow/http-server/Kconfig b/src/samples/flow/http-server/Kconfig
new file mode 100644
index 00000000..b3f313c1
--- /dev/null
+++ b/src/samples/flow/http-server/Kconfig
@@ -0,0 +1,4 @@
+config FLOW_HTTP_SERVER_SAMPLE
+	bool
+	depends on FLOW_FBP_GENERATOR_SAMPLES && FLOW_NODE_TYPE_HTTP_SERVER && FLOW_NODE_TYPE_KEYBOARD
+	default y
diff --git a/src/samples/flow/http-server/Makefile b/src/samples/flow/http-server/Makefile
new file mode 100644
index 00000000..51c8a0ac
--- /dev/null
+++ b/src/samples/flow/http-server/Makefile
@@ -0,0 +1,26 @@
+sample-$(FLOW_HTTP_SERVER_SAMPLE) += \
+	boolean \
+	drange \
+	irange \
+	string
+
+sample-boolean-$(FLOW_HTTP_SERVER_SAMPLE) := \
+	boolean.fbp
+sample-boolean-$(FLOW_HTTP_SERVER_SAMPLE)-deps := \
+	flow/http-server.mod \
+	flow/keyboard.mod
+
+sample-drange-$(FLOW_HTTP_SERVER_SAMPLE) := \
+	drange.fbp
+sample-drange-$(FLOW_HTTP_SERVER_SAMPLE)-deps := \
+	flow/http-server.mod
+
+sample-irange-$(FLOW_HTTP_SERVER_SAMPLE) := \
+	irange.fbp
+sample-irange-$(FLOW_HTTP_SERVER_SAMPLE)-deps := \
+	flow/http-server.mod
+
+sample-string-$(FLOW_HTTP_SERVER_SAMPLE) := \
+	string.fbp
+sample-string-$(FLOW_HTTP_SERVER_SAMPLE)-deps := \
+	flow/http-server.mod
diff --git a/src/samples/flow/http-server/drange.fbp b/src/samples/flow/http-server/drange.fbp
index 7f31b264..d19e3914 100644
--- a/src/samples/flow/http-server/drange.fbp
+++ b/src/samples/flow/http-server/drange.fbp
@@ -31,4 +31,3 @@
 
 drange(http-server/float:path=/drange,value=val:1.0|min:0|max:100.2|step:1.2)
 drange OUT -> IN console(console)
-