"2015-09-16 12:28:33 -0300"
diff --git a/Kconfig b/Kconfig
index 8d55f6f4..c2f2e11a 100644
--- a/Kconfig
+++ b/Kconfig
@@ -168,6 +168,7 @@ source "src/samples/flow/led-strip/Kconfig"
 source "src/samples/flow/minnow-calamari/Kconfig"
 source "src/samples/flow/misc/Kconfig"
 source "src/samples/flow/trash-disposer/Kconfig"
+source "src/samples/flow/unix-socket/Kconfig"
 
 endmenu
 
diff --git a/src/samples/flow/unix-socket/Kconfig b/src/samples/flow/unix-socket/Kconfig
new file mode 100644
index 00000000..16fa7ae6
--- /dev/null
+++ b/src/samples/flow/unix-socket/Kconfig
@@ -0,0 +1,4 @@
+config FLOW_UNIX_SOCKET_SAMPLE
+	bool
+	depends on FLOW_FBP_GENERATOR_SAMPLES && FLOW_NODE_TYPE_UNIX_SOCKET && FLOW_NODE_TYPE_KEYBOARD
+	default y
diff --git a/src/samples/flow/unix-socket/Makefile b/src/samples/flow/unix-socket/Makefile
new file mode 100644
index 00000000..ad98a4f2
--- /dev/null
+++ b/src/samples/flow/unix-socket/Makefile
@@ -0,0 +1,93 @@
+sample-$(FLOW_UNIX_SOCKET_SAMPLE) += \
+	boolean-reader \
+	boolean-writer \
+	byte-reader \
+	byte-writer \
+	direction-vector-reader \
+	direction-vector-writer \
+	float-reader \
+	float-writer \
+	int-reader \
+	int-writer \
+	rgb-reader \
+	rgb-writer \
+	string-reader \
+	string-writer
+
+sample-boolean-reader-$(FLOW_UNIX_SOCKET_SAMPLE) := \
+	boolean-reader.fbp
+sample-boolean-reader-$(FLOW_UNIX_SOCKET_SAMPLE)-deps := \
+	flow/unix-socket.mod
+
+sample-boolean-writer-$(FLOW_UNIX_SOCKET_SAMPLE) := \
+	boolean-writer.fbp
+sample-boolean-writer-$(FLOW_UNIX_SOCKET_SAMPLE)-deps := \
+	flow/keyboard.mod \
+	flow/unix-socket.mod
+
+sample-byte-reader-$(FLOW_UNIX_SOCKET_SAMPLE) := \
+	byte-reader.fbp
+sample-byte-reader-$(FLOW_UNIX_SOCKET_SAMPLE)-deps := \
+	flow/unix-socket.mod
+
+sample-byte-writer-$(FLOW_UNIX_SOCKET_SAMPLE) := \
+	byte-writer.fbp
+sample-byte-writer-$(FLOW_UNIX_SOCKET_SAMPLE)-deps := \
+	flow/keyboard.mod \
+	flow/unix-socket.mod
+
+sample-direction-vector-reader-$(FLOW_UNIX_SOCKET_SAMPLE) := \
+	direction-vector-reader.fbp
+sample-direction-vector-reader-$(FLOW_UNIX_SOCKET_SAMPLE)-deps := \
+	flow/unix-socket.mod
+
+sample-direction-vector-writer-$(FLOW_UNIX_SOCKET_SAMPLE) := \
+	direction-vector-writer.fbp
+sample-direction-vector-writer-$(FLOW_UNIX_SOCKET_SAMPLE)-deps := \
+	flow/keyboard.mod \
+	flow/unix-socket.mod
+
+sample-float-reader-$(FLOW_UNIX_SOCKET_SAMPLE) := \
+	float-reader.fbp
+sample-float-reader-$(FLOW_UNIX_SOCKET_SAMPLE)-deps := \
+	flow/unix-socket.mod
+
+sample-float-writer-$(FLOW_UNIX_SOCKET_SAMPLE) := \
+	float-writer.fbp
+sample-float-writer-$(FLOW_UNIX_SOCKET_SAMPLE)-deps := \
+	flow/keyboard.mod \
+	flow/unix-socket.mod
+
+sample-int-reader-$(FLOW_UNIX_SOCKET_SAMPLE) := \
+	int-reader.fbp
+sample-int-reader-$(FLOW_UNIX_SOCKET_SAMPLE)-deps := \
+	flow/keyboard.mod \
+	flow/unix-socket.mod
+
+sample-int-writer-$(FLOW_UNIX_SOCKET_SAMPLE) := \
+	int-writer.fbp
+sample-int-writer-$(FLOW_UNIX_SOCKET_SAMPLE)-deps := \
+	flow/keyboard.mod \
+	flow/unix-socket.mod
+
+sample-rgb-reader-$(FLOW_UNIX_SOCKET_SAMPLE) := \
+	rgb-reader.fbp
+sample-rgb-reader-$(FLOW_UNIX_SOCKET_SAMPLE)-deps := \
+	flow/unix-socket.mod
+
+sample-rgb-writer-$(FLOW_UNIX_SOCKET_SAMPLE) := \
+	rgb-writer.fbp
+sample-rgb-writer-$(FLOW_UNIX_SOCKET_SAMPLE)-deps := \
+	flow/keyboard.mod \
+	flow/unix-socket.mod
+
+sample-string-reader-$(FLOW_UNIX_SOCKET_SAMPLE) := \
+	string-reader.fbp
+sample-string-reader-$(FLOW_UNIX_SOCKET_SAMPLE)-deps := \
+	flow/unix-socket.mod
+
+sample-string-writer-$(FLOW_UNIX_SOCKET_SAMPLE) := \
+	string-writer.fbp
+sample-string-writer-$(FLOW_UNIX_SOCKET_SAMPLE)-deps := \
+	flow/keyboard.mod \
+	flow/unix-socket.mod
diff --git a/src/samples/flow/unix-socket/byte-writer.fbp b/src/samples/flow/unix-socket/byte-writer.fbp
index 68c037d8..ffeb76d7 100755
--- a/src/samples/flow/unix-socket/byte-writer.fbp
+++ b/src/samples/flow/unix-socket/byte-writer.fbp
@@ -32,6 +32,6 @@
 # On a timeout (every second) create a byte and send to the socket.
 # See byte-reader.fbp
 
-Timer(timer:interval=1000) OUT -> INC Acc(int/accumulator:setup_value=val:0|min:0|max:254:step:1)
+Timer(timer:interval=1000) OUT -> INC Acc(int/accumulator:setup_value=val:0|min:0|max:254|step:1)
 Acc OUT -> IN Byte(converter/int-to-byte)
 Byte OUT -> IN socket_byte(unix-socket/byte-writer:path=/tmp/byte_socket)
diff --git a/src/samples/flow/unix-socket/direction-vector-writer.fbp b/src/samples/flow/unix-socket/direction-vector-writer.fbp
index f6ba13e2..3d34c36e 100755
--- a/src/samples/flow/unix-socket/direction-vector-writer.fbp
+++ b/src/samples/flow/unix-socket/direction-vector-writer.fbp
@@ -32,8 +32,8 @@
 # On a timeout (every second) create a direction_vector array (sol_direction_vector)
 # and send to the socket. See direction-vector-reader.fbp
 
-x_float(constant/float:value=255) OUT -> X float_to_direction_vector(converter/float-to-direction_vector)
+x_float(constant/float:value=255) OUT -> X float_to_direction_vector(converter/float-to-direction-vector)
 y_float(constant/float:value=100) OUT -> Y float_to_direction_vector
-Timer(timer:interval=1000) OUT -> INC Acc(int/accumulator:setup_value=val:0|min:0|max:254:step:5)
+Timer(timer:interval=1000) OUT -> INC Acc(int/accumulator:setup_value=val:0|min:0|max:254|step:5)
 Acc OUT -> IN int_to_float(converter/int-to-float) OUT -> Z float_to_direction_vector
 float_to_direction_vector OUT -> IN socket_direction_vector(unix-socket/direction-vector-writer:path=/tmp/direction_vector_socket)
diff --git a/src/samples/flow/unix-socket/float-writer.fbp b/src/samples/flow/unix-socket/float-writer.fbp
index 38056eab..c5434f7d 100755
--- a/src/samples/flow/unix-socket/float-writer.fbp
+++ b/src/samples/flow/unix-socket/float-writer.fbp
@@ -33,6 +33,6 @@
 # the socket.
 # See float-reader.fbp
 
-Timer(timer:interval=1000) OUT -> INC Acc(int/accumulator:setup_value=val:0|min:0|max:254:step:1)
+Timer(timer:interval=1000) OUT -> INC Acc(int/accumulator:setup_value=val:0|min:0|max:254|step:1)
 Acc OUT -> IN Float(converter/int-to-float)
 Float OUT -> IN socket_float(unix-socket/float-writer:path=/tmp/float_socket)
diff --git a/src/samples/flow/unix-socket/int-writer.fbp b/src/samples/flow/unix-socket/int-writer.fbp
index aca6db52..87a22700 100755
--- a/src/samples/flow/unix-socket/int-writer.fbp
+++ b/src/samples/flow/unix-socket/int-writer.fbp
@@ -33,5 +33,5 @@
 # the socket.
 # See int-reader.fbp
 
-Timer(timer:interval=1000) OUT -> INC Acc(int/accumulator:setup_value=val:0|min:0|max:254:step:1)
+Timer(timer:interval=1000) OUT -> INC Acc(int/accumulator:setup_value=val:0|min:0|max:254|step:1)
 Acc OUT -> IN socket_int(unix-socket/int-writer:path=/tmp/int_socket)
diff --git a/src/samples/flow/unix-socket/rgb-writer.fbp b/src/samples/flow/unix-socket/rgb-writer.fbp
index 8aafd516..319fa7fc 100755
--- a/src/samples/flow/unix-socket/rgb-writer.fbp
+++ b/src/samples/flow/unix-socket/rgb-writer.fbp
@@ -35,6 +35,6 @@
 
 RedByte(constant/byte:value=255) OUT -> RED ColorByte(converter/byte-to-rgb)
 GreenByte(constant/byte:value=100) OUT -> GREEN ColorByte
-Timer(timer:interval=1000) OUT -> INC Acc(int/accumulator:setup_value=val:0|min:0|max:254:step:5)
+Timer(timer:interval=1000) OUT -> INC Acc(int/accumulator:setup_value=val:0|min:0|max:254|step:5)
 Acc OUT -> IN int_to_str(converter/int-to-byte) OUT -> BLUE ColorByte
 ColorByte OUT -> IN socket_rgb(unix-socket/rgb-writer:path=/tmp/rgb_socket)
diff --git a/src/samples/flow/unix-socket/string-writer.fbp b/src/samples/flow/unix-socket/string-writer.fbp
index 01065d4b..e71753b8 100755
--- a/src/samples/flow/unix-socket/string-writer.fbp
+++ b/src/samples/flow/unix-socket/string-writer.fbp
@@ -32,6 +32,6 @@
 # On a timeout (every second) create a string and send to the socket.
 # See string-reader.fbp
 
-Timer(timer:interval=1000) OUT -> INC Acc(int/accumulator:setup_value=val:0|min:0|max:100:step:10)
+Timer(timer:interval=1000) OUT -> INC Acc(int/accumulator:setup_value=val:0|min:0|max:100|step:10)
 Acc OUT -> IN String(converter/int-to-string)
 String OUT -> IN socket_string(unix-socket/string-writer:path=/tmp/string_socket)