"2005-09-24 23:15:53 +0000"
diff --git a/console-tools/Config.in b/console-tools/Config.in
index aa5111ac8..bcc7c9b8d 100644
--- a/console-tools/Config.in
+++ b/console-tools/Config.in
@@ -31,13 +31,6 @@ config CONFIG_DUMPKMAP
 	  This program dumps the kernel's keyboard translation table to
 	  stdout, in binary format. You can then use loadkmap to load it.
 
-config CONFIG_SETCONSOLE
-	bool "setconsole"
-	default n
-	help
-	  This program redirects the system console to another device,
-	  like the current tty while logged in via telnet.
-
 config CONFIG_LOADFONT
 	bool "loadfont"
 	default n
@@ -65,6 +58,13 @@ config CONFIG_RESET
 	  This program is used to reset the terminal screen, if it
 	  gets messed up.
 
+config CONFIG_SETCONSOLE
+	bool "setconsole"
+	default n
+	help
+	  This program redirects the system console to another device,
+	  like the current tty while logged in via telnet.
+
 config CONFIG_SETKEYCODES
 	bool "setkeycodes"
 	default n