"2016-02-03 11:32:49 -0200"
diff --git a/Kconfig b/Kconfig
index e948775f..63a54bb0 100644
--- a/Kconfig
+++ b/Kconfig
@@ -199,6 +199,7 @@ source "src/samples/flow/led-strip/Kconfig"
 source "src/samples/flow/minnow-calamari/Kconfig"
 source "src/samples/flow/misc/Kconfig"
 source "src/samples/flow/oic/Kconfig"
+source "src/samples/flow/oic/light-scan/Kconfig"
 source "src/samples/flow/power-supply/Kconfig"
 source "src/samples/flow/trash-disposer/Kconfig"
 source "src/samples/flow/unix-socket/Kconfig"
diff --git a/src/samples/flow/oic/light-scan/Kconfig b/src/samples/flow/oic/light-scan/Kconfig
index b3b4d763..03eac707 100644
--- a/src/samples/flow/oic/light-scan/Kconfig
+++ b/src/samples/flow/oic/light-scan/Kconfig
@@ -1,4 +1,4 @@
 config FLOW_OIC_SCAN_SAMPLE
 	bool
-	depends on FLOW_FBP_GENERATOR_SAMPLES && FLOW_NODE_TYPE_OIC
+	depends on FLOW_FBP_GENERATOR_SAMPLES && FLOW_NODE_TYPE_OIC && FLOW_NODE_TYPE_GTK
 	default y
diff --git a/src/samples/flow/oic/light-scan/Makefile b/src/samples/flow/oic/light-scan/Makefile
index 54fb0f6d..b4e0068d 100644
--- a/src/samples/flow/oic/light-scan/Makefile
+++ b/src/samples/flow/oic/light-scan/Makefile
@@ -1,7 +1,7 @@
-sample-$(FLOW_OIC_SAMPLE) += \
+sample-$(FLOW_OIC_SCAN_SAMPLE) += \
 	light-client-scan-gtk
 
-sample-light-client-scan-gtk-$(FLOW_OIC_SAMPLE) := \
+sample-light-client-scan-gtk-$(FLOW_OIC_SCAN_SAMPLE) := \
 	light-client-scan.fbp
-sample-light-client-scan-gtk-$(FLOW_OIC_SAMPLE)-conffile := \
+sample-light-client-scan-gtk-$(FLOW_OIC_SCAN_SAMPLE)-conffile := \
 	sol-flow.json