"2005-09-24 23:13:22 +0000"
diff --git a/procps/Config.in b/procps/Config.in
index 4ce2825dc..9ab32e6d0 100644
--- a/procps/Config.in
+++ b/procps/Config.in
@@ -50,6 +50,12 @@ config CONFIG_RENICE
 	  Renice alters the scheduling priority of one or more running
 	  processes.
 
+config CONFIG_BB_SYSCTL
+	bool "sysctl"
+	default n
+	help
+	  Configure kernel parameters at runtime.
+
 config CONFIG_TOP
 	bool "top"
 	default n
@@ -72,11 +78,5 @@ config CONFIG_UPTIME
 	  the system has been running, how many users are currently logged
 	  on, and the system load averages for the past 1, 5, and 15 minutes.
 
-config CONFIG_BB_SYSCTL
-	bool "sysctl"
-	default n
-	help
-	  sysctl - configure kernel parameters at runtime
-
 endmenu
 