"2018-02-09 09:07:48 +0100"
diff --git a/src/kern/arm/bsp/bcm2835/Kconfig b/src/kern/arm/bsp/bcm283x/Kconfig
similarity index 100%
rename from src/kern/arm/bsp/bcm2835/Kconfig
rename to src/kern/arm/bsp/bcm283x/Kconfig
diff --git a/src/kern/arm/bsp/bcm2835/Modules b/src/kern/arm/bsp/bcm283x/Modules
similarity index 68%
rename from src/kern/arm/bsp/bcm2835/Modules
rename to src/kern/arm/bsp/bcm283x/Modules
index d2f139f..d3de5d9 100644
--- a/src/kern/arm/bsp/bcm2835/Modules
+++ b/src/kern/arm/bsp/bcm283x/Modules
@@ -13,19 +13,19 @@ ifeq ($(CONFIG_PF_BCM283X_RPI3),y)
   uart_IMPL              = uart uart-16550
   kernel_uart_IMPL      += kernel_uart-libuart
 else
-  uart_IMPL             += uart-arm-bcm2835
-  kernel_uart_IMPL      += kernel_uart-arm-bcm2835
+  uart_IMPL             += uart-arm-bcm283x
+  kernel_uart_IMPL      += kernel_uart-arm-bcm283x
 endif
 arm_control_IMPL      += arm_control-arm-bcm283x
-config_IMPL           += config-arm-bcm2835
-mem_layout_IMPL       += mem_layout-arm-bcm2835
-pic_IMPL              += pic-arm-bcm2835
-bootstrap_IMPL        += bootstrap-arm-bcm2835
-timer_IMPL            += timer-arm-bcm2835
+config_IMPL           += config-arm-bcm283x
+mem_layout_IMPL       += mem_layout-arm-bcm283x
+pic_IMPL              += pic-arm-bcm283x
+bootstrap_IMPL        += bootstrap-arm-bcm283x
+timer_IMPL            += timer-arm-bcm283x
 timer_IMPL            += $(if $(CONFIG_ARM_V7PLUS),timer-arm-generic)
-timer_tick_IMPL       += $(if $(CONFIG_ARM_V7PLUS),timer_tick-arm-bcm2835, timer_tick-single-vector)
-reset_IMPL            += reset-arm-bcm2835
+timer_tick_IMPL       += $(if $(CONFIG_ARM_V7PLUS),timer_tick-arm-bcm283x,timer_tick-single-vector)
+reset_IMPL            += reset-arm-bcm283x
 clock_IMPL            += clock-generic
 ipi_IMPL              += ipi-arm-bcm283x
 platform_control_IMPL += platform_control-arm-bcm283x
-irq_handler_IMPL       = irq_handler-arm-bcm2835
+irq_handler_IMPL       = irq_handler-arm-bcm283x
diff --git a/src/kern/arm/bsp/bcm2835/arm_control-arm-bcm283x.cpp b/src/kern/arm/bsp/bcm283x/arm_control-arm-bcm283x.cpp
similarity index 100%
rename from src/kern/arm/bsp/bcm2835/arm_control-arm-bcm283x.cpp
rename to src/kern/arm/bsp/bcm283x/arm_control-arm-bcm283x.cpp
diff --git a/src/kern/arm/bsp/bcm2835/bootstrap-arm-bcm2835.cpp b/src/kern/arm/bsp/bcm283x/bootstrap-arm-bcm283x.cpp
similarity index 100%
rename from src/kern/arm/bsp/bcm2835/bootstrap-arm-bcm2835.cpp
rename to src/kern/arm/bsp/bcm283x/bootstrap-arm-bcm283x.cpp
diff --git a/src/kern/arm/bsp/bcm2835/config-arm-bcm2835.cpp b/src/kern/arm/bsp/bcm283x/config-arm-bcm283x.cpp
similarity index 100%
rename from src/kern/arm/bsp/bcm2835/config-arm-bcm2835.cpp
rename to src/kern/arm/bsp/bcm283x/config-arm-bcm283x.cpp
diff --git a/src/kern/arm/bsp/bcm2835/ipi-arm-bcm283x.cpp b/src/kern/arm/bsp/bcm283x/ipi-arm-bcm283x.cpp
similarity index 100%
rename from src/kern/arm/bsp/bcm2835/ipi-arm-bcm283x.cpp
rename to src/kern/arm/bsp/bcm283x/ipi-arm-bcm283x.cpp
diff --git a/src/kern/arm/bsp/bcm2835/irq_handler-arm-bcm2835.cpp b/src/kern/arm/bsp/bcm283x/irq_handler-arm-bcm283x.cpp
similarity index 100%
rename from src/kern/arm/bsp/bcm2835/irq_handler-arm-bcm2835.cpp
rename to src/kern/arm/bsp/bcm283x/irq_handler-arm-bcm283x.cpp
diff --git a/src/kern/arm/bsp/bcm2835/kernel_uart-arm-bcm2835.cpp b/src/kern/arm/bsp/bcm283x/kernel_uart-arm-bcm283x.cpp
similarity index 100%
rename from src/kern/arm/bsp/bcm2835/kernel_uart-arm-bcm2835.cpp
rename to src/kern/arm/bsp/bcm283x/kernel_uart-arm-bcm283x.cpp
diff --git a/src/kern/arm/bsp/bcm2835/mem_layout-arm-bcm2835.cpp b/src/kern/arm/bsp/bcm283x/mem_layout-arm-bcm283x.cpp
similarity index 100%
rename from src/kern/arm/bsp/bcm2835/mem_layout-arm-bcm2835.cpp
rename to src/kern/arm/bsp/bcm283x/mem_layout-arm-bcm283x.cpp
diff --git a/src/kern/arm/bsp/bcm2835/pic-arm-bcm2835.cpp b/src/kern/arm/bsp/bcm283x/pic-arm-bcm283x.cpp
similarity index 99%
rename from src/kern/arm/bsp/bcm2835/pic-arm-bcm2835.cpp
rename to src/kern/arm/bsp/bcm283x/pic-arm-bcm283x.cpp
index e3b0c54..2020239 100644
--- a/src/kern/arm/bsp/bcm2835/pic-arm-bcm2835.cpp
+++ b/src/kern/arm/bsp/bcm283x/pic-arm-bcm283x.cpp
@@ -164,4 +164,4 @@ IMPLEMENTATION [debug && pf_bcm283x]:
 PUBLIC
 char const *
 Irq_chip_bcm::chip_type() const
-{ return "BCM2835"; }
+{ return "BCM283X"; }
diff --git a/src/kern/arm/bsp/bcm2835/platform_control-arm-bcm283x.cpp b/src/kern/arm/bsp/bcm283x/platform_control-arm-bcm283x.cpp
similarity index 100%
rename from src/kern/arm/bsp/bcm2835/platform_control-arm-bcm283x.cpp
rename to src/kern/arm/bsp/bcm283x/platform_control-arm-bcm283x.cpp
diff --git a/src/kern/arm/bsp/bcm2835/reset-arm-bcm2835.cpp b/src/kern/arm/bsp/bcm283x/reset-arm-bcm283x.cpp
similarity index 100%
rename from src/kern/arm/bsp/bcm2835/reset-arm-bcm2835.cpp
rename to src/kern/arm/bsp/bcm283x/reset-arm-bcm283x.cpp
diff --git a/src/kern/arm/bsp/bcm2835/timer-arm-bcm2835.cpp b/src/kern/arm/bsp/bcm283x/timer-arm-bcm283x.cpp
similarity index 100%
rename from src/kern/arm/bsp/bcm2835/timer-arm-bcm2835.cpp
rename to src/kern/arm/bsp/bcm283x/timer-arm-bcm283x.cpp
diff --git a/src/kern/arm/bsp/bcm2835/timer_tick-arm-bcm2835.cpp b/src/kern/arm/bsp/bcm283x/timer_tick-arm-bcm283x.cpp
similarity index 100%
rename from src/kern/arm/bsp/bcm2835/timer_tick-arm-bcm2835.cpp
rename to src/kern/arm/bsp/bcm283x/timer_tick-arm-bcm283x.cpp
diff --git a/src/kern/arm/bsp/bcm2835/uart-arm-bcm2835.cpp b/src/kern/arm/bsp/bcm283x/uart-arm-bcm283x.cpp
similarity index 100%
rename from src/kern/arm/bsp/bcm2835/uart-arm-bcm2835.cpp
rename to src/kern/arm/bsp/bcm283x/uart-arm-bcm283x.cpp