"2015-09-09 18:04:01 -0300"
diff --git a/src/modules/flow/string/Kconfig b/src/modules/flow/string/Kconfig
index aa69764a..44f7d1c7 100644
--- a/src/modules/flow/string/Kconfig
+++ b/src/modules/flow/string/Kconfig
@@ -1,17 +1,3 @@
-# This is the solely user of ICU. If gets wider use, move up in the
-# hierarchy.
-config USE_ICU
-	bool "Use ICU library"
-	depends on HAVE_ICU
-	default y
-
-# This is the solely user of LIBPCRE. If gets wider use, move up in
-# the hierarchy.
-config USE_LIBPCRE
-	bool "Use LIBPCRE library"
-	depends on HAVE_LIBPCRE
-	default y
-
 config FLOW_NODE_TYPE_STRING
 	tristate "Node type: string"
 	default y
@@ -39,3 +25,17 @@ config FLOW_NODE_TYPE_STRING
 		ICU library or not). We strongly recommend that you
 		build Soletta with ICU, so that the full UTF-8 set of
 		characters is properly handled by the string nodes.
+
+# This is the solely user of ICU. If gets wider use, move up in the
+# hierarchy.
+config USE_ICU
+	bool "Use ICU library"
+	depends on HAVE_ICU && FLOW_NODE_TYPE_STRING
+	default y
+
+# This is the solely user of LIBPCRE. If gets wider use, move up in
+# the hierarchy.
+config USE_LIBPCRE
+	bool "Use LIBPCRE library"
+	depends on HAVE_LIBPCRE && FLOW_NODE_TYPE_STRING
+	default y
diff --git a/src/modules/flow/string/Makefile b/src/modules/flow/string/Makefile
index be0344ed..dcc91e04 100644
--- a/src/modules/flow/string/Makefile
+++ b/src/modules/flow/string/Makefile
@@ -1,7 +1,8 @@
-#  The string node implementation is split in three files, namely:
+#  The string node implementation is split in the following files:
 #  - string-{icu,ascii}.c
 #  - string-replace-{icu,ascii}.c
 #  - string-regexp.c
+#  - string-uuid.c
 #
 #  string-regexp.c contains the code for nodes dealing with regular
 #  expressions and only one RE backend is supported: libpcre. If that