"2015-06-30 19:23:17 -0300"
diff --git a/src/lib/common/Kconfig b/src/lib/common/Kconfig
index 9c3efb14..08234ee4 100644
--- a/src/lib/common/Kconfig
+++ b/src/lib/common/Kconfig
@@ -59,11 +59,18 @@ config LOG
 	default y
 
 choice
-	prompt "Maximum log level"
+	prompt "Maximum allowed log level"
 	default DEFAULT_LOG_LEVEL_ERROR
 	depends on LOG
 	help
-	  Default log level.
+          Maximum log level that will be allowed.
+
+          All log levels higher than the selected one will be
+          disabled in compile time and won't be present in the
+          final library.
+
+          Log level ordering is:
+          critical < error < warning < info < debug.
 
 config DEFAULT_LOG_LEVEL_CRITICAL
 	bool "critical"