"2015-06-29 16:17:30 -0300"
diff --git a/src/lib/common/Kconfig b/src/lib/common/Kconfig
index 052d1d3a..6e38a813 100644
--- a/src/lib/common/Kconfig
+++ b/src/lib/common/Kconfig
@@ -53,6 +53,7 @@ endchoice
 
 config LOG
 	bool "Log"
+	select USE_SYSTEMD
 	default y
 
 choice
diff --git a/src/lib/common/Makefile b/src/lib/common/Makefile
index c9278d36..0944d493 100644
--- a/src/lib/common/Makefile
+++ b/src/lib/common/Makefile
@@ -15,7 +15,9 @@ obj-core-$(PLATFORM_LINUX_MICRO) += sol-platform-impl-linux-micro.o
 obj-core-$(SOCKET_LINUX)     += sol-socket-linux.o
 obj-core-$(PLATFORM_RIOTOS)  += sol-platform-impl-riot.o
 obj-core-$(PLATFORM_DUMMY)   += sol-platform-impl-dummy.o
+
 obj-core-$(SOL_PLATFORM_LINUX) += sol-platform-linux-common.o sol-log-impl-linux.o
+obj-core-$(SOL_PLATFORM_LINUX)-extra-cflags += $(SYSTEMD_CFLAGS)
 
 obj-core-$(PLATFORM_SYSTEMD) += sol-platform-impl-systemd.o
 obj-core-$(PLATFORM_SYSTEMD)-extra-cflags += $(SYSTEMD_CFLAGS) $(UDEV_CFLAGS)